#
# There is insufficient memory for the Java Runtime Environment to continue.
# Native memory allocation (malloc) failed to allocate 32744 bytes for ChunkPool::allocate
# Possible reasons:
#   The system is out of physical RAM or swap space
#   The process is running with CompressedOops enabled, and the Java Heap may be blocking the growth of the native heap
# Possible solutions:
#   Reduce memory load on the system
#   Increase physical memory or swap space
#   Check if swap backing store is full
#   Decrease Java heap size (-Xmx/-Xms)
#   Decrease number of Java threads
#   Decrease Java thread stack sizes (-Xss)
#   Set larger code cache with -XX:ReservedCodeCacheSize=
#   JVM is running with Unscaled Compressed Oops mode in which the Java heap is
#     placed in the first 4GB address space. The Java Heap base address is the
#     maximum limit for the native heap growth. Please use -XX:HeapBaseMinAddress
#     to set the Java Heap base and to place the Java Heap above 4GB virtual address.
# This output file may be truncated or incomplete.
#
#  Out of Memory Error (./src/hotspot/share/memory/arena.cpp:81), pid=20504, tid=23048
#
# JRE version: OpenJDK Runtime Environment (11.0.11+9) (build 11.0.11+9-b60-7590822)
# Java VM: OpenJDK 64-Bit Server VM (11.0.11+9-b60-7590822, mixed mode, tiered, compressed oops, g1 gc, windows-amd64)
# No core dump will be written. Minidumps are not enabled by default on client versions of Windows
#

---------------  S U M M A R Y ------------

Command Line: --add-opens=java.base/java.util=ALL-UNNAMED --add-opens=java.base/java.lang=ALL-UNNAMED --add-opens=java.base/java.lang.invoke=ALL-UNNAMED --add-opens=java.base/java.util=ALL-UNNAMED --add-opens=java.prefs/java.util.prefs=ALL-UNNAMED --add-opens=java.prefs/java.util.prefs=ALL-UNNAMED --add-opens=java.base/java.nio.charset=ALL-UNNAMED --add-opens=java.base/java.net=ALL-UNNAMED --add-opens=java.base/java.util.concurrent.atomic=ALL-UNNAMED -Xmx1536M -Dfile.encoding=windows-1252 -Duser.country=US -Duser.language=en -Duser.variant org.gradle.launcher.daemon.bootstrap.GradleDaemon 7.5

Host: Intel(R) Core(TM) i5-9300H CPU @ 2.40GHz, 8 cores, 11G,  Windows 10 , 64 bit Build 22621 (10.0.22621.1635)
Time: Sun May 21 01:46:25 2023 Egypt Daylight Time elapsed time: 22.416861 seconds (0d 0h 0m 22s)

---------------  T H R E A D  ---------------

Current thread (0x000002b9d3199800):  JavaThread "C2 CompilerThread0" daemon [_thread_in_native, id=23048, stack(0x000000dfd3b00000,0x000000dfd3c00000)]


Current CompileTask:
C2:  22416 10770       4       org.gradle.internal.logging.text.AbstractLineChoppingStyledTextOutput$1::execute (9 bytes)

Stack: [0x000000dfd3b00000,0x000000dfd3c00000]
Native frames: (J=compiled Java code, j=interpreted, Vv=VM code, C=native code)
V  [jvm.dll+0x5f214a]
V  [jvm.dll+0x726fb5]
V  [jvm.dll+0x7285cd]
V  [jvm.dll+0x728c83]
V  [jvm.dll+0x243278]
V  [jvm.dll+0xbc78b]
V  [jvm.dll+0xbca3c]
V  [jvm.dll+0xbc638]
V  [jvm.dll+0x5d14e0]
V  [jvm.dll+0x62212e]
V  [jvm.dll+0x198a28]
V  [jvm.dll+0x1fc2ee]
V  [jvm.dll+0x1fb3d4]
V  [jvm.dll+0x183d6c]
V  [jvm.dll+0x209a57]
V  [jvm.dll+0x2082a1]
V  [jvm.dll+0x6ef58f]
V  [jvm.dll+0x6e80b5]
V  [jvm.dll+0x5f1036]
C  [ucrtbase.dll+0x29363]
C  [KERNEL32.DLL+0x126ad]
C  [ntdll.dll+0x5a9f8]


---------------  P R O C E S S  ---------------

Threads class SMR info:
_java_thread_list=0x000002b9d3a92c70, length=137, elements={
0x000002b9b9fff800, 0x000002b9d39c3000, 0x000002b9d39d0800, 0x000002b9d3192000,
0x000002b9d3193000, 0x000002b9d3196800, 0x000002b9d3199800, 0x000002b9d319e800,
0x000002b9d3a27000, 0x000002b9d3b82800, 0x000002b9d5322800, 0x000002b9d651c000,
0x000002b9d3d18800, 0x000002b9d5ca4800, 0x000002b9d5583800, 0x000002b9d5665800,
0x000002b9d5b85000, 0x000002b9d5fd5800, 0x000002b9d590e000, 0x000002b9d53dc000,
0x000002b9d53dd800, 0x000002b9d53de800, 0x000002b9d53dd000, 0x000002b9d660f000,
0x000002b9d6610000, 0x000002b9d6613800, 0x000002b9d6611000, 0x000002b9d6611800,
0x000002b9d6612800, 0x000002b9d6614000, 0x000002b9d660e800, 0x000002b9d4284000,
0x000002b9d4285800, 0x000002b9d4286800, 0x000002b9d4287000, 0x000002b9d4281800,
0x000002b9d4288000, 0x000002b9d4282800, 0x000002b9d4289000, 0x000002b9d4283000,
0x000002b9d4289800, 0x000002b9d428c000, 0x000002b9d428d000, 0x000002b9d428e800,
0x000002b9d4290000, 0x000002b9d428d800, 0x000002b9d428a800, 0x000002b9d428b800,
0x000002b9d428f800, 0x000002b9d61f8000, 0x000002b9d61f7800, 0x000002b9d61fa800,
0x000002b9d61f9000, 0x000002b9d61f6800, 0x000002b9d61f9800, 0x000002b9d61f5000,
0x000002b9d61fb800, 0x000002b9d61f5800, 0x000002b9d61fd000, 0x000002b9d61fe800,
0x000002b9d61fe000, 0x000002b9d61ff800, 0x000002b9d6202000, 0x000002b9d6201000,
0x000002b9d6200800, 0x000002b9d61fc000, 0x000002b9d6202800, 0x000002b9d6203800,
0x000002b9d7369800, 0x000002b9d736a800, 0x000002b9d7366800, 0x000002b9d736b000,
0x000002b9d736d000, 0x000002b9d7367000, 0x000002b9d7368800, 0x000002b9d736d800,
0x000002b9d7368000, 0x000002b9d7370000, 0x000002b9d7371000, 0x000002b9d7371800,
0x000002b9d736c000, 0x000002b9d7372800, 0x000002b9d736e800, 0x000002b9d7373800,
0x000002b9d736f800, 0x000002b9d7374000, 0x000002b9d7375000, 0x000002b9d9d07800,
0x000002b9d9d08800, 0x000002b9d9d05000, 0x000002b9d9d06000, 0x000002b9d9d09000,
0x000002b9d9d04800, 0x000002b9d9d06800, 0x000002b9d9d0e000, 0x000002b9d9d0b000,
0x000002b9d9d0f000, 0x000002b9d9d0f800, 0x000002b9d9d0a000, 0x000002b9d9d10800,
0x000002b9d9d0c800, 0x000002b9d9d11800, 0x000002b9d9d0d800, 0x000002b9d9d0b800,
0x000002b9d9d12000, 0x000002b9d9d13000, 0x000002b9d7782800, 0x000002b9d7781000,
0x000002b9d777f800, 0x000002b9d7786000, 0x000002b9d7781800, 0x000002b9d7783800,
0x000002b9d7780000, 0x000002b9d7786800, 0x000002b9d7784000, 0x000002b9d7785000,
0x000002b9d778b800, 0x000002b9d778c800, 0x000002b9d7788000, 0x000002b9d7789000,
0x000002b9d778a000, 0x000002b9d7787800, 0x000002b9d778d000, 0x000002b9d778a800,
0x000002b9d9be4000, 0x000002b9d9be2800, 0x000002b9d9be8000, 0x000002b9d9be9000,
0x000002b9d9be3800, 0x000002b9d9be6000, 0x000002b9d9bea000, 0x000002b9d9be5000,
0x000002b9d9be7800, 0x000002b9d9bea800, 0x000002b9d9beb800, 0x000002b9d9bec800,
0x000002b9d9be6800
}

Java Threads: ( => current thread )
  0x000002b9b9fff800 JavaThread "main" [_thread_blocked, id=21716, stack(0x000000dfd2f00000,0x000000dfd3000000)]
  0x000002b9d39c3000 JavaThread "Reference Handler" daemon [_thread_blocked, id=21372, stack(0x000000dfd3600000,0x000000dfd3700000)]
  0x000002b9d39d0800 JavaThread "Finalizer" daemon [_thread_blocked, id=14424, stack(0x000000dfd3700000,0x000000dfd3800000)]
  0x000002b9d3192000 JavaThread "Signal Dispatcher" daemon [_thread_blocked, id=9280, stack(0x000000dfd3800000,0x000000dfd3900000)]
  0x000002b9d3193000 JavaThread "Attach Listener" daemon [_thread_blocked, id=18576, stack(0x000000dfd3900000,0x000000dfd3a00000)]
  0x000002b9d3196800 JavaThread "Service Thread" daemon [_thread_blocked, id=22980, stack(0x000000dfd3a00000,0x000000dfd3b00000)]
=>0x000002b9d3199800 JavaThread "C2 CompilerThread0" daemon [_thread_in_native, id=23048, stack(0x000000dfd3b00000,0x000000dfd3c00000)]
  0x000002b9d319e800 JavaThread "C1 CompilerThread0" daemon [_thread_blocked, id=3832, stack(0x000000dfd3c00000,0x000000dfd3d00000)]
  0x000002b9d3a27000 JavaThread "Sweeper thread" daemon [_thread_blocked, id=11308, stack(0x000000dfd3d00000,0x000000dfd3e00000)]
  0x000002b9d3b82800 JavaThread "Common-Cleaner" daemon [_thread_blocked, id=9016, stack(0x000000dfd3e00000,0x000000dfd3f00000)]
  0x000002b9d5322800 JavaThread "Daemon health stats" [_thread_blocked, id=21712, stack(0x000000dfd4400000,0x000000dfd4500000)]
  0x000002b9d651c000 JavaThread "Incoming local TCP Connector on port 55786" [_thread_in_native, id=16216, stack(0x000000dfd4000000,0x000000dfd4100000)]
  0x000002b9d3d18800 JavaThread "Daemon periodic checks" [_thread_blocked, id=800, stack(0x000000dfd4500000,0x000000dfd4600000)]
  0x000002b9d5ca4800 JavaThread "Daemon" [_thread_blocked, id=11612, stack(0x000000dfd4600000,0x000000dfd4700000)]
  0x000002b9d5583800 JavaThread "Handler for socket connection from /127.0.0.1:55786 to /127.0.0.1:55787" [_thread_in_native, id=21844, stack(0x000000dfd4700000,0x000000dfd4800000)]
  0x000002b9d5665800 JavaThread "Cancel handler" [_thread_blocked, id=21972, stack(0x000000dfd4800000,0x000000dfd4900000)]
  0x000002b9d5b85000 JavaThread "Daemon worker" [_thread_blocked, id=6248, stack(0x000000dfd4900000,0x000000dfd4a00000)]
  0x000002b9d5fd5800 JavaThread "Asynchronous log dispatcher for DefaultDaemonConnection: socket connection from /127.0.0.1:55786 to /127.0.0.1:55787" [_thread_blocked, id=24348, stack(0x000000dfd4a00000,0x000000dfd4b00000)]
  0x000002b9d590e000 JavaThread "Stdin handler" [_thread_blocked, id=8540, stack(0x000000dfd4b00000,0x000000dfd4c00000)]
  0x000002b9d53dc000 JavaThread "Daemon client event forwarder" [_thread_blocked, id=6704, stack(0x000000dfd4c00000,0x000000dfd4d00000)]
  0x000002b9d53dd800 JavaThread "Cache worker for journal cache (C:\Users\abbas\.gradle\caches\journal-1)" [_thread_blocked, id=4500, stack(0x000000dfd4e00000,0x000000dfd4f00000)]
  0x000002b9d53de800 JavaThread "File lock request listener" [_thread_in_native, id=16960, stack(0x000000dfd4f00000,0x000000dfd5000000)]
  0x000002b9d53dd000 JavaThread "Cache worker for file hash cache (C:\Users\abbas\.gradle\caches\7.5\fileHashes)" [_thread_blocked, id=15072, stack(0x000000dfd5000000,0x000000dfd5100000)]
  0x000002b9d660f000 JavaThread "File watcher server" daemon [_thread_in_native, id=1440, stack(0x000000dfd5600000,0x000000dfd5700000)]
  0x000002b9d6610000 JavaThread "File watcher consumer" daemon [_thread_blocked, id=9924, stack(0x000000dfd5700000,0x000000dfd5800000)]
  0x000002b9d6613800 JavaThread "Cache worker for checksums cache (D:\Processs_Scheduling\android\.gradle\7.5\checksums)" [_thread_blocked, id=10740, stack(0x000000dfd4d00000,0x000000dfd4e00000)]
  0x000002b9d6611000 JavaThread "Cache worker for cache directory md-rule (C:\Users\abbas\.gradle\caches\7.5\md-rule)" [_thread_blocked, id=12772, stack(0x000000dfd5800000,0x000000dfd5900000)]
  0x000002b9d6611800 JavaThread "Cache worker for file content cache (C:\Users\abbas\.gradle\caches\7.5\fileContent)" [_thread_blocked, id=13336, stack(0x000000dfd5900000,0x000000dfd5a00000)]
  0x000002b9d6612800 JavaThread "Cache worker for file hash cache (D:\Processs_Scheduling\android\.gradle\7.5\fileHashes)" [_thread_blocked, id=13852, stack(0x000000dfd5b00000,0x000000dfd5c00000)]
  0x000002b9d6614000 JavaThread "Cache worker for cache directory md-supplier (C:\Users\abbas\.gradle\caches\7.5\md-supplier)" [_thread_blocked, id=11152, stack(0x000000dfd5c00000,0x000000dfd5d00000)]
  0x000002b9d660e800 JavaThread "Cache worker for execution history cache (C:\Users\abbas\.gradle\caches\7.5\executionHistory)" [_thread_blocked, id=22408, stack(0x000000dfd5d00000,0x000000dfd5e00000)]
  0x000002b9d4284000 JavaThread "jar transforms" [_thread_blocked, id=6224, stack(0x000000dfd5f00000,0x000000dfd6000000)]
  0x000002b9d4285800 JavaThread "jar transforms Thread 2" [_thread_blocked, id=3532, stack(0x000000dfd6000000,0x000000dfd6100000)]
  0x000002b9d4286800 JavaThread "jar transforms Thread 3" [_thread_blocked, id=5060, stack(0x000000dfd6100000,0x000000dfd6200000)]
  0x000002b9d4287000 JavaThread "jar transforms Thread 4" [_thread_blocked, id=11700, stack(0x000000dfd6200000,0x000000dfd6300000)]
  0x000002b9d4281800 JavaThread "Cache worker for dependencies-accessors (D:\Processs_Scheduling\android\.gradle\7.5\dependencies-accessors)" [_thread_blocked, id=3928, stack(0x000000dfd6300000,0x000000dfd6400000)]
  0x000002b9d4288000 JavaThread "jar transforms Thread 5" [_thread_blocked, id=3352, stack(0x000000dfd6400000,0x000000dfd6500000)]
  0x000002b9d4282800 JavaThread "Cache worker for Build Output Cleanup Cache (D:\Processs_Scheduling\android\.gradle\buildOutputCleanup)" [_thread_blocked, id=13220, stack(0x000000dfd6500000,0x000000dfd6600000)]
  0x000002b9d4289000 JavaThread "Unconstrained build operations" [_thread_blocked, id=16432, stack(0x000000dfd6600000,0x000000dfd6700000)]
  0x000002b9d4283000 JavaThread "Unconstrained build operations Thread 2" [_thread_blocked, id=2956, stack(0x000000dfd6700000,0x000000dfd6800000)]
  0x000002b9d4289800 JavaThread "Unconstrained build operations Thread 3" [_thread_blocked, id=2472, stack(0x000000dfd6800000,0x000000dfd6900000)]
  0x000002b9d428c000 JavaThread "Unconstrained build operations Thread 4" [_thread_blocked, id=13024, stack(0x000000dfd6900000,0x000000dfd6a00000)]
  0x000002b9d428d000 JavaThread "Unconstrained build operations Thread 5" [_thread_blocked, id=8656, stack(0x000000dfd6a00000,0x000000dfd6b00000)]
  0x000002b9d428e800 JavaThread "Unconstrained build operations Thread 6" [_thread_blocked, id=3164, stack(0x000000dfd6b00000,0x000000dfd6c00000)]
  0x000002b9d4290000 JavaThread "Unconstrained build operations Thread 7" [_thread_blocked, id=13708, stack(0x000000dfd6c00000,0x000000dfd6d00000)]
  0x000002b9d428d800 JavaThread "Unconstrained build operations Thread 8" [_thread_blocked, id=22164, stack(0x000000dfd6d00000,0x000000dfd6e00000)]
  0x000002b9d428a800 JavaThread "Unconstrained build operations Thread 9" [_thread_blocked, id=8488, stack(0x000000dfd6e00000,0x000000dfd6f00000)]
  0x000002b9d428b800 JavaThread "Unconstrained build operations Thread 10" [_thread_blocked, id=6852, stack(0x000000dfd6f00000,0x000000dfd7000000)]
  0x000002b9d428f800 JavaThread "Unconstrained build operations Thread 11" [_thread_blocked, id=10212, stack(0x000000dfd7000000,0x000000dfd7100000)]
  0x000002b9d61f8000 JavaThread "Unconstrained build operations Thread 12" [_thread_blocked, id=23264, stack(0x000000dfd7100000,0x000000dfd7200000)]
  0x000002b9d61f7800 JavaThread "Unconstrained build operations Thread 13" [_thread_blocked, id=6180, stack(0x000000dfd7200000,0x000000dfd7300000)]
  0x000002b9d61fa800 JavaThread "Unconstrained build operations Thread 14" [_thread_blocked, id=18144, stack(0x000000dfd7300000,0x000000dfd7400000)]
  0x000002b9d61f9000 JavaThread "Unconstrained build operations Thread 15" [_thread_blocked, id=5024, stack(0x000000dfd7400000,0x000000dfd7500000)]
  0x000002b9d61f6800 JavaThread "Unconstrained build operations Thread 16" [_thread_blocked, id=20088, stack(0x000000dfd7500000,0x000000dfd7600000)]
  0x000002b9d61f9800 JavaThread "Unconstrained build operations Thread 17" [_thread_blocked, id=13436, stack(0x000000dfd7600000,0x000000dfd7700000)]
  0x000002b9d61f5000 JavaThread "Unconstrained build operations Thread 18" [_thread_blocked, id=12784, stack(0x000000dfd7700000,0x000000dfd7800000)]
  0x000002b9d61fb800 JavaThread "Unconstrained build operations Thread 19" [_thread_blocked, id=11408, stack(0x000000dfd7800000,0x000000dfd7900000)]
  0x000002b9d61f5800 JavaThread "Unconstrained build operations Thread 20" [_thread_blocked, id=19708, stack(0x000000dfd7900000,0x000000dfd7a00000)]
  0x000002b9d61fd000 JavaThread "Unconstrained build operations Thread 21" [_thread_blocked, id=8108, stack(0x000000dfd7a00000,0x000000dfd7b00000)]
  0x000002b9d61fe800 JavaThread "Unconstrained build operations Thread 22" [_thread_blocked, id=8332, stack(0x000000dfd7b00000,0x000000dfd7c00000)]
  0x000002b9d61fe000 JavaThread "Unconstrained build operations Thread 23" [_thread_blocked, id=9360, stack(0x000000dfd7c00000,0x000000dfd7d00000)]
  0x000002b9d61ff800 JavaThread "Unconstrained build operations Thread 24" [_thread_blocked, id=5124, stack(0x000000dfd7d00000,0x000000dfd7e00000)]
  0x000002b9d6202000 JavaThread "Unconstrained build operations Thread 25" [_thread_blocked, id=22732, stack(0x000000dfd7e00000,0x000000dfd7f00000)]
  0x000002b9d6201000 JavaThread "Unconstrained build operations Thread 26" [_thread_blocked, id=19008, stack(0x000000dfd7f00000,0x000000dfd8000000)]
  0x000002b9d6200800 JavaThread "Unconstrained build operations Thread 27" [_thread_blocked, id=17972, stack(0x000000dfd8000000,0x000000dfd8100000)]
  0x000002b9d61fc000 JavaThread "Unconstrained build operations Thread 28" [_thread_blocked, id=6108, stack(0x000000dfd8100000,0x000000dfd8200000)]
  0x000002b9d6202800 JavaThread "Unconstrained build operations Thread 29" [_thread_blocked, id=9336, stack(0x000000dfd8200000,0x000000dfd8300000)]
  0x000002b9d6203800 JavaThread "Unconstrained build operations Thread 30" [_thread_blocked, id=19236, stack(0x000000dfd8300000,0x000000dfd8400000)]
  0x000002b9d7369800 JavaThread "Unconstrained build operations Thread 31" [_thread_blocked, id=21420, stack(0x000000dfd8400000,0x000000dfd8500000)]
  0x000002b9d736a800 JavaThread "Unconstrained build operations Thread 32" [_thread_blocked, id=16976, stack(0x000000dfd8500000,0x000000dfd8600000)]
  0x000002b9d7366800 JavaThread "Unconstrained build operations Thread 33" [_thread_blocked, id=1196, stack(0x000000dfd8600000,0x000000dfd8700000)]
  0x000002b9d736b000 JavaThread "Unconstrained build operations Thread 34" [_thread_blocked, id=2824, stack(0x000000dfd8700000,0x000000dfd8800000)]
  0x000002b9d736d000 JavaThread "Unconstrained build operations Thread 35" [_thread_blocked, id=11708, stack(0x000000dfd8800000,0x000000dfd8900000)]
  0x000002b9d7367000 JavaThread "Unconstrained build operations Thread 36" [_thread_blocked, id=1748, stack(0x000000dfd8900000,0x000000dfd8a00000)]
  0x000002b9d7368800 JavaThread "Unconstrained build operations Thread 37" [_thread_blocked, id=12184, stack(0x000000dfd8a00000,0x000000dfd8b00000)]
  0x000002b9d736d800 JavaThread "Unconstrained build operations Thread 38" [_thread_blocked, id=15344, stack(0x000000dfd8b00000,0x000000dfd8c00000)]
  0x000002b9d7368000 JavaThread "Unconstrained build operations Thread 39" [_thread_blocked, id=16624, stack(0x000000dfd8c00000,0x000000dfd8d00000)]
  0x000002b9d7370000 JavaThread "Unconstrained build operations Thread 40" [_thread_blocked, id=10348, stack(0x000000dfd8d00000,0x000000dfd8e00000)]
  0x000002b9d7371000 JavaThread "Unconstrained build operations Thread 41" [_thread_blocked, id=2640, stack(0x000000dfd8e00000,0x000000dfd8f00000)]
  0x000002b9d7371800 JavaThread "Unconstrained build operations Thread 42" [_thread_blocked, id=23240, stack(0x000000dfd8f00000,0x000000dfd9000000)]
  0x000002b9d736c000 JavaThread "Unconstrained build operations Thread 43" [_thread_blocked, id=9184, stack(0x000000dfd9000000,0x000000dfd9100000)]
  0x000002b9d7372800 JavaThread "Unconstrained build operations Thread 44" [_thread_blocked, id=7256, stack(0x000000dfd9100000,0x000000dfd9200000)]
  0x000002b9d736e800 JavaThread "Unconstrained build operations Thread 45" [_thread_blocked, id=14368, stack(0x000000dfd9200000,0x000000dfd9300000)]
  0x000002b9d7373800 JavaThread "Unconstrained build operations Thread 46" [_thread_blocked, id=5788, stack(0x000000dfd9300000,0x000000dfd9400000)]
  0x000002b9d736f800 JavaThread "Unconstrained build operations Thread 47" [_thread_blocked, id=568, stack(0x000000dfd9400000,0x000000dfd9500000)]
  0x000002b9d7374000 JavaThread "Unconstrained build operations Thread 48" [_thread_blocked, id=16992, stack(0x000000dfd9500000,0x000000dfd9600000)]
  0x000002b9d7375000 JavaThread "Unconstrained build operations Thread 49" [_thread_blocked, id=4980, stack(0x000000dfd9600000,0x000000dfd9700000)]
  0x000002b9d9d07800 JavaThread "Unconstrained build operations Thread 50" [_thread_blocked, id=4240, stack(0x000000dfd9700000,0x000000dfd9800000)]
  0x000002b9d9d08800 JavaThread "Unconstrained build operations Thread 51" [_thread_blocked, id=5820, stack(0x000000dfd9800000,0x000000dfd9900000)]
  0x000002b9d9d05000 JavaThread "Unconstrained build operations Thread 52" [_thread_blocked, id=9848, stack(0x000000dfd9900000,0x000000dfd9a00000)]
  0x000002b9d9d06000 JavaThread "Unconstrained build operations Thread 53" [_thread_blocked, id=13624, stack(0x000000dfd9a00000,0x000000dfd9b00000)]
  0x000002b9d9d09000 JavaThread "Unconstrained build operations Thread 54" [_thread_blocked, id=5188, stack(0x000000dfd9b00000,0x000000dfd9c00000)]
  0x000002b9d9d04800 JavaThread "Unconstrained build operations Thread 55" [_thread_blocked, id=5440, stack(0x000000dfd9c00000,0x000000dfd9d00000)]
  0x000002b9d9d06800 JavaThread "Unconstrained build operations Thread 56" [_thread_blocked, id=23116, stack(0x000000dfd9d00000,0x000000dfd9e00000)]
  0x000002b9d9d0e000 JavaThread "Unconstrained build operations Thread 57" [_thread_blocked, id=10108, stack(0x000000dfd9e00000,0x000000dfd9f00000)]
  0x000002b9d9d0b000 JavaThread "Unconstrained build operations Thread 58" [_thread_blocked, id=19948, stack(0x000000dfd9f00000,0x000000dfda000000)]
  0x000002b9d9d0f000 JavaThread "Unconstrained build operations Thread 59" [_thread_blocked, id=6492, stack(0x000000dfda000000,0x000000dfda100000)]
  0x000002b9d9d0f800 JavaThread "Unconstrained build operations Thread 60" [_thread_blocked, id=11224, stack(0x000000dfda100000,0x000000dfda200000)]
  0x000002b9d9d0a000 JavaThread "Unconstrained build operations Thread 61" [_thread_blocked, id=15468, stack(0x000000dfda200000,0x000000dfda300000)]
  0x000002b9d9d10800 JavaThread "Unconstrained build operations Thread 62" [_thread_blocked, id=20348, stack(0x000000dfda300000,0x000000dfda400000)]
  0x000002b9d9d0c800 JavaThread "Unconstrained build operations Thread 63" [_thread_blocked, id=11724, stack(0x000000dfda400000,0x000000dfda500000)]
  0x000002b9d9d11800 JavaThread "Unconstrained build operations Thread 64" [_thread_blocked, id=20152, stack(0x000000dfda500000,0x000000dfda600000)]
  0x000002b9d9d0d800 JavaThread "Unconstrained build operations Thread 65" [_thread_blocked, id=12824, stack(0x000000dfda600000,0x000000dfda700000)]
  0x000002b9d9d0b800 JavaThread "Unconstrained build operations Thread 66" [_thread_blocked, id=896, stack(0x000000dfda700000,0x000000dfda800000)]
  0x000002b9d9d12000 JavaThread "Unconstrained build operations Thread 67" [_thread_blocked, id=16708, stack(0x000000dfda800000,0x000000dfda900000)]
  0x000002b9d9d13000 JavaThread "Unconstrained build operations Thread 68" [_thread_blocked, id=21044, stack(0x000000dfda900000,0x000000dfdaa00000)]
  0x000002b9d7782800 JavaThread "Unconstrained build operations Thread 69" [_thread_blocked, id=9512, stack(0x000000dfdaa00000,0x000000dfdab00000)]
  0x000002b9d7781000 JavaThread "Unconstrained build operations Thread 70" [_thread_blocked, id=22892, stack(0x000000dfdab00000,0x000000dfdac00000)]
  0x000002b9d777f800 JavaThread "Unconstrained build operations Thread 71" [_thread_blocked, id=18872, stack(0x000000dfdac00000,0x000000dfdad00000)]
  0x000002b9d7786000 JavaThread "Unconstrained build operations Thread 72" [_thread_blocked, id=13048, stack(0x000000dfdad00000,0x000000dfdae00000)]
  0x000002b9d7781800 JavaThread "Unconstrained build operations Thread 73" [_thread_blocked, id=5252, stack(0x000000dfdae00000,0x000000dfdaf00000)]
  0x000002b9d7783800 JavaThread "Unconstrained build operations Thread 74" [_thread_blocked, id=15472, stack(0x000000dfdaf00000,0x000000dfdb000000)]
  0x000002b9d7780000 JavaThread "Unconstrained build operations Thread 75" [_thread_blocked, id=9084, stack(0x000000dfdb000000,0x000000dfdb100000)]
  0x000002b9d7786800 JavaThread "Unconstrained build operations Thread 76" [_thread_blocked, id=16204, stack(0x000000dfdb100000,0x000000dfdb200000)]
  0x000002b9d7784000 JavaThread "Unconstrained build operations Thread 77" [_thread_blocked, id=4504, stack(0x000000dfdb200000,0x000000dfdb300000)]
  0x000002b9d7785000 JavaThread "Unconstrained build operations Thread 78" [_thread_blocked, id=5172, stack(0x000000dfdb300000,0x000000dfdb400000)]
  0x000002b9d778b800 JavaThread "Unconstrained build operations Thread 79" [_thread_blocked, id=4388, stack(0x000000dfdb400000,0x000000dfdb500000)]
  0x000002b9d778c800 JavaThread "Unconstrained build operations Thread 80" [_thread_blocked, id=12728, stack(0x000000dfdb500000,0x000000dfdb600000)]
  0x000002b9d7788000 JavaThread "jar transforms Thread 6" [_thread_blocked, id=11292, stack(0x000000dfdb600000,0x000000dfdb700000)]
  0x000002b9d7789000 JavaThread "jar transforms Thread 7" [_thread_blocked, id=12632, stack(0x000000dfdb700000,0x000000dfdb800000)]
  0x000002b9d778a000 JavaThread "jar transforms Thread 8" [_thread_blocked, id=12512, stack(0x000000dfdb800000,0x000000dfdb900000)]
  0x000002b9d7787800 JavaThread "Memory manager" [_thread_blocked, id=19676, stack(0x000000dfdb900000,0x000000dfdba00000)]
  0x000002b9d778d000 JavaThread "Cache worker for kotlin-dsl (C:\Users\abbas\.gradle\caches\7.5\kotlin-dsl)" [_thread_blocked, id=6696, stack(0x000000dfdba00000,0x000000dfdbb00000)]
  0x000002b9d778a800 JavaThread "pool-3-thread-1" [_thread_blocked, id=22256, stack(0x000000dfd5e00000,0x000000dfd5f00000)]
  0x000002b9d9be4000 JavaThread "build event listener" [_thread_blocked, id=6816, stack(0x000000dfdbb00000,0x000000dfdbc00000)]
  0x000002b9d9be2800 JavaThread "included builds" [_thread_blocked, id=20936, stack(0x000000dfdbc00000,0x000000dfdbd00000)]
  0x000002b9d9be8000 JavaThread "Execution worker" [_thread_blocked, id=11396, stack(0x000000dfdbd00000,0x000000dfdbe00000)]
  0x000002b9d9be9000 JavaThread "Execution worker Thread 2" [_thread_blocked, id=7980, stack(0x000000dfdbe00000,0x000000dfdbf00000)]
  0x000002b9d9be3800 JavaThread "Execution worker Thread 3" [_thread_blocked, id=6460, stack(0x000000dfdbf00000,0x000000dfdc000000)]
  0x000002b9d9be6000 JavaThread "Execution worker Thread 4" [_thread_blocked, id=7720, stack(0x000000dfdc000000,0x000000dfdc100000)]
  0x000002b9d9bea000 JavaThread "Execution worker Thread 5" [_thread_blocked, id=12592, stack(0x000000dfdc100000,0x000000dfdc200000)]
  0x000002b9d9be5000 JavaThread "Execution worker Thread 6" [_thread_blocked, id=10300, stack(0x000000dfdc200000,0x000000dfdc300000)]
  0x000002b9d9be7800 JavaThread "Execution worker Thread 7" [_thread_blocked, id=12808, stack(0x000000dfdc300000,0x000000dfdc400000)]
  0x000002b9d9bea800 JavaThread "Cache worker for execution history cache (D:\Processs_Scheduling\android\.gradle\7.5\executionHistory)" [_thread_blocked, id=2720, stack(0x000000dfdc400000,0x000000dfdc500000)]
  0x000002b9d9beb800 JavaThread "Exec process" [_thread_in_native, id=8312, stack(0x000000dfdc500000,0x000000dfdc600000)]
  0x000002b9d9bec800 JavaThread "Exec process Thread 2" [_thread_in_native, id=10420, stack(0x000000dfdc600000,0x000000dfdc700000)]
  0x000002b9d9be6800 JavaThread "Exec process Thread 3" [_thread_in_native, id=23816, stack(0x000000dfdc700000,0x000000dfdc800000)]

Other Threads:
  0x000002b9d317e800 VMThread "VM Thread" [stack: 0x000000dfd3500000,0x000000dfd3600000] [id=21184]
  0x000002b9d3b9b800 WatcherThread [stack: 0x000000dfd3f00000,0x000000dfd4000000] [id=24408]
  0x000002b9ba019000 GCTaskThread "GC Thread#0" [stack: 0x000000dfd3000000,0x000000dfd3100000] [id=20888]
  0x000002b9d45b5000 GCTaskThread "GC Thread#1" [stack: 0x000000dfd4100000,0x000000dfd4200000] [id=10208]
  0x000002b9d48d8800 GCTaskThread "GC Thread#2" [stack: 0x000000dfd4200000,0x000000dfd4300000] [id=6832]
  0x000002b9d50a5800 GCTaskThread "GC Thread#3" [stack: 0x000000dfd4300000,0x000000dfd4400000] [id=16864]
  0x000002b9d567e800 GCTaskThread "GC Thread#4" [stack: 0x000000dfd5100000,0x000000dfd5200000] [id=1340]
  0x000002b9d53eb000 GCTaskThread "GC Thread#5" [stack: 0x000000dfd5200000,0x000000dfd5300000] [id=19516]
  0x000002b9d6009800 GCTaskThread "GC Thread#6" [stack: 0x000000dfd5300000,0x000000dfd5400000] [id=8164]
  0x000002b9d5025800 GCTaskThread "GC Thread#7" [stack: 0x000000dfd5400000,0x000000dfd5500000] [id=20536]
  0x000002b9ba041000 ConcurrentGCThread "G1 Main Marker" [stack: 0x000000dfd3100000,0x000000dfd3200000] [id=18156]
  0x000002b9ba042800 ConcurrentGCThread "G1 Conc#0" [stack: 0x000000dfd3200000,0x000000dfd3300000] [id=15148]
  0x000002b9d5e76800 ConcurrentGCThread "G1 Conc#1" [stack: 0x000000dfd5500000,0x000000dfd5600000] [id=24016]
  0x000002b9ba0ce000 ConcurrentGCThread "G1 Refine#0" [stack: 0x000000dfd3300000,0x000000dfd3400000] [id=4676]
  0x000002b9d2fea800 ConcurrentGCThread "G1 Young RemSet Sampling" [stack: 0x000000dfd3400000,0x000000dfd3500000] [id=9156]

Threads with active compile tasks:
C2 CompilerThread0  22452 10770       4       org.gradle.internal.logging.text.AbstractLineChoppingStyledTextOutput$1::execute (9 bytes)

VM state:not at safepoint (normal execution)

VM Mutex/Monitor currently owned by a thread: None

Heap address: 0x00000000a0000000, size: 1536 MB, Compressed Oops mode: 32-bit
Narrow klass base: 0x0000000000000000, Narrow klass shift: 3
Compressed class space size: 1073741824 Address: 0x0000000100000000

Heap:
 garbage-first heap   total 194560K, used 104048K [0x00000000a0000000, 0x0000000100000000)
  region size 1024K, 20 young (20480K), 10 survivors (10240K)
 Metaspace       used 97394K, capacity 100211K, committed 100352K, reserved 1136640K
  class space    used 12807K, capacity 13820K, committed 13824K, reserved 1048576K
Heap Regions: E=young(eden), S=young(survivor), O=old, HS=humongous(starts), HC=humongous(continues), CS=collection set, F=free, A=archive, TAMS=top-at-mark-start (previous, next)
|   0|0x00000000a0000000, 0x00000000a0100000, 0x00000000a0100000|100%| O|  |TAMS 0x00000000a0100000, 0x00000000a0000000| Untracked 
|   1|0x00000000a0100000, 0x00000000a0200000, 0x00000000a0200000|100%| O|  |TAMS 0x00000000a0200000, 0x00000000a0100000| Untracked 
|   2|0x00000000a0200000, 0x00000000a0300000, 0x00000000a0300000|100%| O|  |TAMS 0x00000000a0300000, 0x00000000a0200000| Untracked 
|   3|0x00000000a0300000, 0x00000000a0400000, 0x00000000a0400000|100%|HS|  |TAMS 0x00000000a0400000, 0x00000000a0300000| Complete 
|   4|0x00000000a0400000, 0x00000000a0500000, 0x00000000a0500000|100%|HC|  |TAMS 0x00000000a0500000, 0x00000000a0400000| Complete 
|   5|0x00000000a0500000, 0x00000000a0600000, 0x00000000a0600000|100%|HC|  |TAMS 0x00000000a0600000, 0x00000000a0500000| Complete 
|   6|0x00000000a0600000, 0x00000000a0700000, 0x00000000a0700000|100%| O|  |TAMS 0x00000000a0700000, 0x00000000a0600000| Untracked 
|   7|0x00000000a0700000, 0x00000000a0800000, 0x00000000a0800000|100%| O|  |TAMS 0x00000000a0800000, 0x00000000a0700000| Untracked 
|   8|0x00000000a0800000, 0x00000000a0900000, 0x00000000a0900000|100%| O|  |TAMS 0x00000000a0900000, 0x00000000a0800000| Untracked 
|   9|0x00000000a0900000, 0x00000000a0a00000, 0x00000000a0a00000|100%| O|  |TAMS 0x00000000a0a00000, 0x00000000a0900000| Untracked 
|  10|0x00000000a0a00000, 0x00000000a0b00000, 0x00000000a0b00000|100%| O|  |TAMS 0x00000000a0b00000, 0x00000000a0a00000| Untracked 
|  11|0x00000000a0b00000, 0x00000000a0c00000, 0x00000000a0c00000|100%| O|  |TAMS 0x00000000a0c00000, 0x00000000a0b00000| Untracked 
|  12|0x00000000a0c00000, 0x00000000a0d00000, 0x00000000a0d00000|100%| O|  |TAMS 0x00000000a0d00000, 0x00000000a0c00000| Untracked 
|  13|0x00000000a0d00000, 0x00000000a0e00000, 0x00000000a0e00000|100%| O|  |TAMS 0x00000000a0e00000, 0x00000000a0d00000| Untracked 
|  14|0x00000000a0e00000, 0x00000000a0f00000, 0x00000000a0f00000|100%| O|  |TAMS 0x00000000a0f00000, 0x00000000a0e00000| Untracked 
|  15|0x00000000a0f00000, 0x00000000a1000000, 0x00000000a1000000|100%| O|  |TAMS 0x00000000a1000000, 0x00000000a0f00000| Untracked 
|  16|0x00000000a1000000, 0x00000000a1100000, 0x00000000a1100000|100%| O|  |TAMS 0x00000000a1100000, 0x00000000a1000000| Untracked 
|  17|0x00000000a1100000, 0x00000000a1200000, 0x00000000a1200000|100%| O|  |TAMS 0x00000000a1200000, 0x00000000a1100000| Untracked 
|  18|0x00000000a1200000, 0x00000000a1300000, 0x00000000a1300000|100%| O|  |TAMS 0x00000000a1300000, 0x00000000a1200000| Untracked 
|  19|0x00000000a1300000, 0x00000000a1400000, 0x00000000a1400000|100%| O|  |TAMS 0x00000000a1400000, 0x00000000a1300000| Untracked 
|  20|0x00000000a1400000, 0x00000000a1500000, 0x00000000a1500000|100%| O|  |TAMS 0x00000000a1500000, 0x00000000a1400000| Untracked 
|  21|0x00000000a1500000, 0x00000000a1600000, 0x00000000a1600000|100%| O|  |TAMS 0x00000000a1600000, 0x00000000a1500000| Untracked 
|  22|0x00000000a1600000, 0x00000000a1700000, 0x00000000a1700000|100%|HS|  |TAMS 0x00000000a1700000, 0x00000000a1600000| Complete 
|  23|0x00000000a1700000, 0x00000000a1800000, 0x00000000a1800000|100%|HS|  |TAMS 0x00000000a1800000, 0x00000000a1700000| Complete 
|  24|0x00000000a1800000, 0x00000000a1900000, 0x00000000a1900000|100%|HS|  |TAMS 0x00000000a1900000, 0x00000000a1800000| Complete 
|  25|0x00000000a1900000, 0x00000000a1a00000, 0x00000000a1a00000|100%|HS|  |TAMS 0x00000000a1a00000, 0x00000000a1900000| Complete 
|  26|0x00000000a1a00000, 0x00000000a1b00000, 0x00000000a1b00000|100%|HC|  |TAMS 0x00000000a1b00000, 0x00000000a1a00000| Complete 
|  27|0x00000000a1b00000, 0x00000000a1c00000, 0x00000000a1c00000|100%|HC|  |TAMS 0x00000000a1c00000, 0x00000000a1b00000| Complete 
|  28|0x00000000a1c00000, 0x00000000a1d00000, 0x00000000a1d00000|100%|HS|  |TAMS 0x00000000a1d00000, 0x00000000a1c00000| Complete 
|  29|0x00000000a1d00000, 0x00000000a1e00000, 0x00000000a1e00000|100%|HC|  |TAMS 0x00000000a1e00000, 0x00000000a1d00000| Complete 
|  30|0x00000000a1e00000, 0x00000000a1f00000, 0x00000000a1f00000|100%| O|  |TAMS 0x00000000a1f00000, 0x00000000a1e00000| Untracked 
|  31|0x00000000a1f00000, 0x00000000a2000000, 0x00000000a2000000|100%| O|  |TAMS 0x00000000a2000000, 0x00000000a1f00000| Untracked 
|  32|0x00000000a2000000, 0x00000000a2100000, 0x00000000a2100000|100%| O|  |TAMS 0x00000000a2100000, 0x00000000a2000000| Untracked 
|  33|0x00000000a2100000, 0x00000000a2200000, 0x00000000a2200000|100%| O|  |TAMS 0x00000000a2200000, 0x00000000a2100000| Untracked 
|  34|0x00000000a2200000, 0x00000000a2300000, 0x00000000a2300000|100%| O|  |TAMS 0x00000000a2300000, 0x00000000a2200000| Untracked 
|  35|0x00000000a2300000, 0x00000000a2400000, 0x00000000a2400000|100%| O|  |TAMS 0x00000000a2400000, 0x00000000a2300000| Untracked 
|  36|0x00000000a2400000, 0x00000000a2500000, 0x00000000a2500000|100%| O|  |TAMS 0x00000000a2500000, 0x00000000a2400000| Untracked 
|  37|0x00000000a2500000, 0x00000000a2600000, 0x00000000a2600000|100%| O|  |TAMS 0x00000000a2600000, 0x00000000a2500000| Untracked 
|  38|0x00000000a2600000, 0x00000000a2700000, 0x00000000a2700000|100%| O|  |TAMS 0x00000000a2700000, 0x00000000a2600000| Untracked 
|  39|0x00000000a2700000, 0x00000000a2800000, 0x00000000a2800000|100%| O|  |TAMS 0x00000000a2800000, 0x00000000a2700000| Untracked 
|  40|0x00000000a2800000, 0x00000000a2900000, 0x00000000a2900000|100%| O|  |TAMS 0x00000000a2900000, 0x00000000a2800000| Untracked 
|  41|0x00000000a2900000, 0x00000000a2a00000, 0x00000000a2a00000|100%| O|  |TAMS 0x00000000a2a00000, 0x00000000a2900000| Untracked 
|  42|0x00000000a2a00000, 0x00000000a2b00000, 0x00000000a2b00000|100%| O|  |TAMS 0x00000000a2b00000, 0x00000000a2a00000| Untracked 
|  43|0x00000000a2b00000, 0x00000000a2c00000, 0x00000000a2c00000|100%| O|  |TAMS 0x00000000a2c00000, 0x00000000a2b00000| Untracked 
|  44|0x00000000a2c00000, 0x00000000a2d00000, 0x00000000a2d00000|100%| O|  |TAMS 0x00000000a2d00000, 0x00000000a2c00000| Untracked 
|  45|0x00000000a2d00000, 0x00000000a2e00000, 0x00000000a2e00000|100%| O|  |TAMS 0x00000000a2e00000, 0x00000000a2d00000| Untracked 
|  46|0x00000000a2e00000, 0x00000000a2f00000, 0x00000000a2f00000|100%| O|  |TAMS 0x00000000a2f00000, 0x00000000a2e00000| Untracked 
|  47|0x00000000a2f00000, 0x00000000a3000000, 0x00000000a3000000|100%| O|  |TAMS 0x00000000a3000000, 0x00000000a2f00000| Untracked 
|  48|0x00000000a3000000, 0x00000000a3100000, 0x00000000a3100000|100%| O|  |TAMS 0x00000000a3100000, 0x00000000a3000000| Untracked 
|  49|0x00000000a3100000, 0x00000000a3200000, 0x00000000a3200000|100%| O|  |TAMS 0x00000000a3183e00, 0x00000000a3100000| Untracked 
|  50|0x00000000a3200000, 0x00000000a3300000, 0x00000000a3300000|100%|HS|  |TAMS 0x00000000a3200000, 0x00000000a3200000| Complete 
|  51|0x00000000a3300000, 0x00000000a3400000, 0x00000000a3400000|100%| O|  |TAMS 0x00000000a3300000, 0x00000000a3300000| Untracked 
|  52|0x00000000a3400000, 0x00000000a3500000, 0x00000000a3500000|100%| O|  |TAMS 0x00000000a3400000, 0x00000000a3400000| Untracked 
|  53|0x00000000a3500000, 0x00000000a3600000, 0x00000000a3600000|100%| O|  |TAMS 0x00000000a3500000, 0x00000000a3500000| Untracked 
|  54|0x00000000a3600000, 0x00000000a3700000, 0x00000000a3700000|100%|HS|  |TAMS 0x00000000a3600000, 0x00000000a3600000| Complete 
|  55|0x00000000a3700000, 0x00000000a3800000, 0x00000000a3800000|100%| O|  |TAMS 0x00000000a3700000, 0x00000000a3700000| Untracked 
|  56|0x00000000a3800000, 0x00000000a3900000, 0x00000000a3900000|100%| O|  |TAMS 0x00000000a3800000, 0x00000000a3800000| Untracked 
|  57|0x00000000a3900000, 0x00000000a3a00000, 0x00000000a3a00000|100%| O|  |TAMS 0x00000000a3900000, 0x00000000a3900000| Untracked 
|  58|0x00000000a3a00000, 0x00000000a3b00000, 0x00000000a3b00000|100%| O|  |TAMS 0x00000000a3a00000, 0x00000000a3a00000| Untracked 
|  59|0x00000000a3b00000, 0x00000000a3c00000, 0x00000000a3c00000|100%| O|  |TAMS 0x00000000a3b00000, 0x00000000a3b00000| Untracked 
|  60|0x00000000a3c00000, 0x00000000a3d00000, 0x00000000a3d00000|100%| O|  |TAMS 0x00000000a3c00000, 0x00000000a3c00000| Untracked 
|  61|0x00000000a3d00000, 0x00000000a3e00000, 0x00000000a3e00000|100%| O|  |TAMS 0x00000000a3d00000, 0x00000000a3d00000| Untracked 
|  62|0x00000000a3e00000, 0x00000000a3f00000, 0x00000000a3f00000|100%| O|  |TAMS 0x00000000a3e00000, 0x00000000a3e00000| Untracked 
|  63|0x00000000a3f00000, 0x00000000a4000000, 0x00000000a4000000|100%| O|  |TAMS 0x00000000a3f00000, 0x00000000a3f00000| Untracked 
|  64|0x00000000a4000000, 0x00000000a4100000, 0x00000000a4100000|100%| O|  |TAMS 0x00000000a4000000, 0x00000000a4000000| Untracked 
|  65|0x00000000a4100000, 0x00000000a4200000, 0x00000000a4200000|100%| O|  |TAMS 0x00000000a4100000, 0x00000000a4100000| Untracked 
|  66|0x00000000a4200000, 0x00000000a4300000, 0x00000000a4300000|100%| O|  |TAMS 0x00000000a4200000, 0x00000000a4200000| Untracked 
|  67|0x00000000a4300000, 0x00000000a4400000, 0x00000000a4400000|100%| O|  |TAMS 0x00000000a4300000, 0x00000000a4300000| Untracked 
|  68|0x00000000a4400000, 0x00000000a4500000, 0x00000000a4500000|100%| O|  |TAMS 0x00000000a4400000, 0x00000000a4400000| Untracked 
|  69|0x00000000a4500000, 0x00000000a4600000, 0x00000000a4600000|100%| O|  |TAMS 0x00000000a4500000, 0x00000000a4500000| Untracked 
|  70|0x00000000a4600000, 0x00000000a4700000, 0x00000000a4700000|100%| O|  |TAMS 0x00000000a4600000, 0x00000000a4600000| Untracked 
|  71|0x00000000a4700000, 0x00000000a4800000, 0x00000000a4800000|100%| O|  |TAMS 0x00000000a4700000, 0x00000000a4700000| Untracked 
|  72|0x00000000a4800000, 0x00000000a4900000, 0x00000000a4900000|100%| O|  |TAMS 0x00000000a4800000, 0x00000000a4800000| Untracked 
|  73|0x00000000a4900000, 0x00000000a4a00000, 0x00000000a4a00000|100%| O|  |TAMS 0x00000000a4900000, 0x00000000a4900000| Untracked 
|  74|0x00000000a4a00000, 0x00000000a4b00000, 0x00000000a4b00000|100%| O|  |TAMS 0x00000000a4a00000, 0x00000000a4a00000| Untracked 
|  75|0x00000000a4b00000, 0x00000000a4c00000, 0x00000000a4c00000|100%| O|  |TAMS 0x00000000a4b00000, 0x00000000a4b00000| Untracked 
|  76|0x00000000a4c00000, 0x00000000a4d00000, 0x00000000a4d00000|100%| O|  |TAMS 0x00000000a4c00000, 0x00000000a4c00000| Untracked 
|  77|0x00000000a4d00000, 0x00000000a4e00000, 0x00000000a4e00000|100%| O|  |TAMS 0x00000000a4d00000, 0x00000000a4d00000| Untracked 
|  78|0x00000000a4e00000, 0x00000000a4f00000, 0x00000000a4f00000|100%| O|  |TAMS 0x00000000a4e00000, 0x00000000a4e00000| Untracked 
|  79|0x00000000a4f00000, 0x00000000a5000000, 0x00000000a5000000|100%| O|  |TAMS 0x00000000a4f00000, 0x00000000a4f00000| Untracked 
|  80|0x00000000a5000000, 0x00000000a5100000, 0x00000000a5100000|100%| O|  |TAMS 0x00000000a5000000, 0x00000000a5000000| Untracked 
|  81|0x00000000a5100000, 0x00000000a5200000, 0x00000000a5200000|100%| O|  |TAMS 0x00000000a5100000, 0x00000000a5100000| Untracked 
|  82|0x00000000a5200000, 0x00000000a529c000, 0x00000000a5300000| 60%| O|  |TAMS 0x00000000a5200000, 0x00000000a5200000| Untracked 
|  83|0x00000000a5300000, 0x00000000a5300000, 0x00000000a5400000|  0%| F|  |TAMS 0x00000000a5300000, 0x00000000a5300000| Untracked 
|  84|0x00000000a5400000, 0x00000000a5400000, 0x00000000a5500000|  0%| F|  |TAMS 0x00000000a5400000, 0x00000000a5400000| Untracked 
|  85|0x00000000a5500000, 0x00000000a5500000, 0x00000000a5600000|  0%| F|  |TAMS 0x00000000a5500000, 0x00000000a5500000| Untracked 
|  86|0x00000000a5600000, 0x00000000a5600000, 0x00000000a5700000|  0%| F|  |TAMS 0x00000000a5600000, 0x00000000a5600000| Untracked 
|  87|0x00000000a5700000, 0x00000000a5700000, 0x00000000a5800000|  0%| F|  |TAMS 0x00000000a5700000, 0x00000000a5700000| Untracked 
|  88|0x00000000a5800000, 0x00000000a5800000, 0x00000000a5900000|  0%| F|  |TAMS 0x00000000a5800000, 0x00000000a5800000| Untracked 
|  89|0x00000000a5900000, 0x00000000a5900000, 0x00000000a5a00000|  0%| F|  |TAMS 0x00000000a5900000, 0x00000000a5900000| Untracked 
|  90|0x00000000a5a00000, 0x00000000a5a00000, 0x00000000a5b00000|  0%| F|  |TAMS 0x00000000a5a00000, 0x00000000a5a00000| Untracked 
|  91|0x00000000a5b00000, 0x00000000a5b00000, 0x00000000a5c00000|  0%| F|  |TAMS 0x00000000a5b00000, 0x00000000a5b00000| Untracked 
|  92|0x00000000a5c00000, 0x00000000a5c00000, 0x00000000a5d00000|  0%| F|  |TAMS 0x00000000a5c00000, 0x00000000a5c00000| Untracked 
|  93|0x00000000a5d00000, 0x00000000a5d00000, 0x00000000a5e00000|  0%| F|  |TAMS 0x00000000a5d00000, 0x00000000a5d00000| Untracked 
|  94|0x00000000a5e00000, 0x00000000a5e00000, 0x00000000a5f00000|  0%| F|  |TAMS 0x00000000a5e00000, 0x00000000a5e00000| Untracked 
|  95|0x00000000a5f00000, 0x00000000a5f00000, 0x00000000a6000000|  0%| F|  |TAMS 0x00000000a5f00000, 0x00000000a5f00000| Untracked 
|  96|0x00000000a6000000, 0x00000000a6000000, 0x00000000a6100000|  0%| F|  |TAMS 0x00000000a6000000, 0x00000000a6000000| Untracked 
|  97|0x00000000a6100000, 0x00000000a6100000, 0x00000000a6200000|  0%| F|  |TAMS 0x00000000a6100000, 0x00000000a6100000| Untracked 
|  98|0x00000000a6200000, 0x00000000a6200000, 0x00000000a6300000|  0%| F|  |TAMS 0x00000000a6200000, 0x00000000a6200000| Untracked 
|  99|0x00000000a6300000, 0x00000000a6300000, 0x00000000a6400000|  0%| F|  |TAMS 0x00000000a6300000, 0x00000000a6300000| Untracked 
| 100|0x00000000a6400000, 0x00000000a6400000, 0x00000000a6500000|  0%| F|  |TAMS 0x00000000a6400000, 0x00000000a6400000| Untracked 
| 101|0x00000000a6500000, 0x00000000a6500000, 0x00000000a6600000|  0%| F|  |TAMS 0x00000000a6500000, 0x00000000a6500000| Untracked 
| 102|0x00000000a6600000, 0x00000000a6600000, 0x00000000a6700000|  0%| F|  |TAMS 0x00000000a6600000, 0x00000000a6600000| Untracked 
| 103|0x00000000a6700000, 0x00000000a6700000, 0x00000000a6800000|  0%| F|  |TAMS 0x00000000a6700000, 0x00000000a6700000| Untracked 
| 104|0x00000000a6800000, 0x00000000a6800000, 0x00000000a6900000|  0%| F|  |TAMS 0x00000000a6800000, 0x00000000a6800000| Untracked 
| 105|0x00000000a6900000, 0x00000000a6a00000, 0x00000000a6a00000|100%| S|CS|TAMS 0x00000000a6900000, 0x00000000a6900000| Complete 
| 106|0x00000000a6a00000, 0x00000000a6b00000, 0x00000000a6b00000|100%| S|CS|TAMS 0x00000000a6a00000, 0x00000000a6a00000| Complete 
| 107|0x00000000a6b00000, 0x00000000a6c00000, 0x00000000a6c00000|100%| S|CS|TAMS 0x00000000a6b00000, 0x00000000a6b00000| Complete 
| 108|0x00000000a6c00000, 0x00000000a6d00000, 0x00000000a6d00000|100%| S|CS|TAMS 0x00000000a6c00000, 0x00000000a6c00000| Complete 
| 109|0x00000000a6d00000, 0x00000000a6d00000, 0x00000000a6e00000|  0%| F|  |TAMS 0x00000000a6d00000, 0x00000000a6d00000| Untracked 
| 110|0x00000000a6e00000, 0x00000000a6e00000, 0x00000000a6f00000|  0%| F|  |TAMS 0x00000000a6e00000, 0x00000000a6e00000| Untracked 
| 111|0x00000000a6f00000, 0x00000000a6f00000, 0x00000000a7000000|  0%| F|  |TAMS 0x00000000a6f00000, 0x00000000a6f00000| Untracked 
| 112|0x00000000a7000000, 0x00000000a7100000, 0x00000000a7100000|100%| S|CS|TAMS 0x00000000a7000000, 0x00000000a7000000| Complete 
| 113|0x00000000a7100000, 0x00000000a7200000, 0x00000000a7200000|100%| S|CS|TAMS 0x00000000a7100000, 0x00000000a7100000| Complete 
| 114|0x00000000a7200000, 0x00000000a7300000, 0x00000000a7300000|100%| S|CS|TAMS 0x00000000a7200000, 0x00000000a7200000| Complete 
| 115|0x00000000a7300000, 0x00000000a7300000, 0x00000000a7400000|  0%| F|  |TAMS 0x00000000a7300000, 0x00000000a7300000| Untracked 
| 116|0x00000000a7400000, 0x00000000a7400000, 0x00000000a7500000|  0%| F|  |TAMS 0x00000000a7400000, 0x00000000a7400000| Untracked 
| 117|0x00000000a7500000, 0x00000000a7500000, 0x00000000a7600000|  0%| F|  |TAMS 0x00000000a7500000, 0x00000000a7500000| Untracked 
| 118|0x00000000a7600000, 0x00000000a7700000, 0x00000000a7700000|100%| S|CS|TAMS 0x00000000a7600000, 0x00000000a7600000| Complete 
| 119|0x00000000a7700000, 0x00000000a7800000, 0x00000000a7800000|100%| S|CS|TAMS 0x00000000a7700000, 0x00000000a7700000| Complete 
| 120|0x00000000a7800000, 0x00000000a7900000, 0x00000000a7900000|100%| S|CS|TAMS 0x00000000a7800000, 0x00000000a7800000| Complete 
| 121|0x00000000a7900000, 0x00000000a7900000, 0x00000000a7a00000|  0%| F|  |TAMS 0x00000000a7900000, 0x00000000a7900000| Untracked 
| 122|0x00000000a7a00000, 0x00000000a7a00000, 0x00000000a7b00000|  0%| F|  |TAMS 0x00000000a7a00000, 0x00000000a7a00000| Untracked 
| 123|0x00000000a7b00000, 0x00000000a7b00000, 0x00000000a7c00000|  0%| F|  |TAMS 0x00000000a7b00000, 0x00000000a7b00000| Untracked 
| 124|0x00000000a7c00000, 0x00000000a7c00000, 0x00000000a7d00000|  0%| F|  |TAMS 0x00000000a7c00000, 0x00000000a7c00000| Untracked 
| 125|0x00000000a7d00000, 0x00000000a7d00000, 0x00000000a7e00000|  0%| F|  |TAMS 0x00000000a7d00000, 0x00000000a7d00000| Untracked 
| 126|0x00000000a7e00000, 0x00000000a7e00000, 0x00000000a7f00000|  0%| F|  |TAMS 0x00000000a7e00000, 0x00000000a7e00000| Untracked 
| 127|0x00000000a7f00000, 0x00000000a7f00000, 0x00000000a8000000|  0%| F|  |TAMS 0x00000000a7f00000, 0x00000000a7f00000| Untracked 
| 128|0x00000000a8000000, 0x00000000a8000000, 0x00000000a8100000|  0%| F|  |TAMS 0x00000000a8000000, 0x00000000a8000000| Untracked 
| 129|0x00000000a8100000, 0x00000000a8100000, 0x00000000a8200000|  0%| F|  |TAMS 0x00000000a8100000, 0x00000000a8100000| Untracked 
| 130|0x00000000a8200000, 0x00000000a8200000, 0x00000000a8300000|  0%| F|  |TAMS 0x00000000a8200000, 0x00000000a8200000| Untracked 
| 131|0x00000000a8300000, 0x00000000a8300000, 0x00000000a8400000|  0%| F|  |TAMS 0x00000000a8300000, 0x00000000a8300000| Untracked 
| 132|0x00000000a8400000, 0x00000000a8400000, 0x00000000a8500000|  0%| F|  |TAMS 0x00000000a8400000, 0x00000000a8400000| Untracked 
| 133|0x00000000a8500000, 0x00000000a8500000, 0x00000000a8600000|  0%| F|  |TAMS 0x00000000a8500000, 0x00000000a8500000| Untracked 
| 134|0x00000000a8600000, 0x00000000a8600000, 0x00000000a8700000|  0%| F|  |TAMS 0x00000000a8600000, 0x00000000a8600000| Untracked 
| 135|0x00000000a8700000, 0x00000000a8700000, 0x00000000a8800000|  0%| F|  |TAMS 0x00000000a8700000, 0x00000000a8700000| Untracked 
| 136|0x00000000a8800000, 0x00000000a8800000, 0x00000000a8900000|  0%| F|  |TAMS 0x00000000a8800000, 0x00000000a8800000| Untracked 
| 137|0x00000000a8900000, 0x00000000a8900000, 0x00000000a8a00000|  0%| F|  |TAMS 0x00000000a8900000, 0x00000000a8900000| Untracked 
| 138|0x00000000a8a00000, 0x00000000a8a00000, 0x00000000a8b00000|  0%| F|  |TAMS 0x00000000a8a00000, 0x00000000a8a00000| Untracked 
| 139|0x00000000a8b00000, 0x00000000a8b00000, 0x00000000a8c00000|  0%| F|  |TAMS 0x00000000a8b00000, 0x00000000a8b00000| Untracked 
| 140|0x00000000a8c00000, 0x00000000a8c00000, 0x00000000a8d00000|  0%| F|  |TAMS 0x00000000a8c00000, 0x00000000a8c00000| Untracked 
| 141|0x00000000a8d00000, 0x00000000a8d00000, 0x00000000a8e00000|  0%| F|  |TAMS 0x00000000a8d00000, 0x00000000a8d00000| Untracked 
| 142|0x00000000a8e00000, 0x00000000a8e00000, 0x00000000a8f00000|  0%| F|  |TAMS 0x00000000a8e00000, 0x00000000a8e00000| Untracked 
| 143|0x00000000a8f00000, 0x00000000a8f00000, 0x00000000a9000000|  0%| F|  |TAMS 0x00000000a8f00000, 0x00000000a8f00000| Untracked 
| 144|0x00000000a9000000, 0x00000000a9000000, 0x00000000a9100000|  0%| F|  |TAMS 0x00000000a9000000, 0x00000000a9000000| Untracked 
| 145|0x00000000a9100000, 0x00000000a9100000, 0x00000000a9200000|  0%| F|  |TAMS 0x00000000a9100000, 0x00000000a9100000| Untracked 
| 146|0x00000000a9200000, 0x00000000a9200000, 0x00000000a9300000|  0%| F|  |TAMS 0x00000000a9200000, 0x00000000a9200000| Untracked 
| 147|0x00000000a9300000, 0x00000000a9300000, 0x00000000a9400000|  0%| F|  |TAMS 0x00000000a9300000, 0x00000000a9300000| Untracked 
| 148|0x00000000a9400000, 0x00000000a9400000, 0x00000000a9500000|  0%| F|  |TAMS 0x00000000a9400000, 0x00000000a9400000| Untracked 
| 149|0x00000000a9500000, 0x00000000a9500000, 0x00000000a9600000|  0%| F|  |TAMS 0x00000000a9500000, 0x00000000a9500000| Untracked 
| 150|0x00000000a9600000, 0x00000000a9600000, 0x00000000a9700000|  0%| F|  |TAMS 0x00000000a9600000, 0x00000000a9600000| Untracked 
| 151|0x00000000a9700000, 0x00000000a9700000, 0x00000000a9800000|  0%| F|  |TAMS 0x00000000a9700000, 0x00000000a9700000| Untracked 
| 152|0x00000000a9800000, 0x00000000a9800000, 0x00000000a9900000|  0%| F|  |TAMS 0x00000000a9800000, 0x00000000a9800000| Untracked 
| 153|0x00000000a9900000, 0x00000000a9900000, 0x00000000a9a00000|  0%| F|  |TAMS 0x00000000a9900000, 0x00000000a9900000| Untracked 
| 154|0x00000000a9a00000, 0x00000000a9a00000, 0x00000000a9b00000|  0%| F|  |TAMS 0x00000000a9a00000, 0x00000000a9a00000| Untracked 
| 155|0x00000000a9b00000, 0x00000000a9b00000, 0x00000000a9c00000|  0%| F|  |TAMS 0x00000000a9b00000, 0x00000000a9b00000| Untracked 
| 156|0x00000000a9c00000, 0x00000000a9c00000, 0x00000000a9d00000|  0%| F|  |TAMS 0x00000000a9c00000, 0x00000000a9c00000| Untracked 
| 157|0x00000000a9d00000, 0x00000000a9d00000, 0x00000000a9e00000|  0%| F|  |TAMS 0x00000000a9d00000, 0x00000000a9d00000| Untracked 
| 158|0x00000000a9e00000, 0x00000000a9e00000, 0x00000000a9f00000|  0%| F|  |TAMS 0x00000000a9e00000, 0x00000000a9e00000| Untracked 
| 159|0x00000000a9f00000, 0x00000000a9f00000, 0x00000000aa000000|  0%| F|  |TAMS 0x00000000a9f00000, 0x00000000a9f00000| Untracked 
| 160|0x00000000aa000000, 0x00000000aa000000, 0x00000000aa100000|  0%| F|  |TAMS 0x00000000aa000000, 0x00000000aa000000| Untracked 
| 161|0x00000000aa100000, 0x00000000aa100000, 0x00000000aa200000|  0%| F|  |TAMS 0x00000000aa100000, 0x00000000aa100000| Untracked 
| 162|0x00000000aa200000, 0x00000000aa200000, 0x00000000aa300000|  0%| F|  |TAMS 0x00000000aa200000, 0x00000000aa200000| Untracked 
| 163|0x00000000aa300000, 0x00000000aa300000, 0x00000000aa400000|  0%| F|  |TAMS 0x00000000aa300000, 0x00000000aa300000| Untracked 
| 164|0x00000000aa400000, 0x00000000aa400000, 0x00000000aa500000|  0%| F|  |TAMS 0x00000000aa400000, 0x00000000aa400000| Untracked 
| 165|0x00000000aa500000, 0x00000000aa500000, 0x00000000aa600000|  0%| F|  |TAMS 0x00000000aa500000, 0x00000000aa500000| Untracked 
| 166|0x00000000aa600000, 0x00000000aa600000, 0x00000000aa700000|  0%| F|  |TAMS 0x00000000aa600000, 0x00000000aa600000| Untracked 
| 167|0x00000000aa700000, 0x00000000aa700000, 0x00000000aa800000|  0%| F|  |TAMS 0x00000000aa700000, 0x00000000aa700000| Untracked 
| 168|0x00000000aa800000, 0x00000000aa800000, 0x00000000aa900000|  0%| F|  |TAMS 0x00000000aa800000, 0x00000000aa800000| Untracked 
| 169|0x00000000aa900000, 0x00000000aa900000, 0x00000000aaa00000|  0%| F|  |TAMS 0x00000000aa900000, 0x00000000aa900000| Untracked 
| 170|0x00000000aaa00000, 0x00000000aaa00000, 0x00000000aab00000|  0%| F|  |TAMS 0x00000000aaa00000, 0x00000000aaa00000| Untracked 
| 171|0x00000000aab00000, 0x00000000aab00000, 0x00000000aac00000|  0%| F|  |TAMS 0x00000000aab00000, 0x00000000aab00000| Untracked 
| 172|0x00000000aac00000, 0x00000000aac00000, 0x00000000aad00000|  0%| F|  |TAMS 0x00000000aac00000, 0x00000000aac00000| Untracked 
| 173|0x00000000aad00000, 0x00000000aad00000, 0x00000000aae00000|  0%| F|  |TAMS 0x00000000aad00000, 0x00000000aad00000| Untracked 
| 174|0x00000000aae00000, 0x00000000aae00000, 0x00000000aaf00000|  0%| F|  |TAMS 0x00000000aae00000, 0x00000000aae00000| Untracked 
| 175|0x00000000aaf00000, 0x00000000aaf00000, 0x00000000ab000000|  0%| F|  |TAMS 0x00000000aaf00000, 0x00000000aaf00000| Untracked 
| 176|0x00000000ab000000, 0x00000000ab000000, 0x00000000ab100000|  0%| F|  |TAMS 0x00000000ab000000, 0x00000000ab000000| Untracked 
| 177|0x00000000ab100000, 0x00000000ab100000, 0x00000000ab200000|  0%| F|  |TAMS 0x00000000ab100000, 0x00000000ab100000| Untracked 
| 178|0x00000000ab200000, 0x00000000ab200000, 0x00000000ab300000|  0%| F|  |TAMS 0x00000000ab200000, 0x00000000ab200000| Untracked 
| 179|0x00000000ab300000, 0x00000000ab300000, 0x00000000ab400000|  0%| F|  |TAMS 0x00000000ab300000, 0x00000000ab300000| Untracked 
| 180|0x00000000ab400000, 0x00000000ab4ec608, 0x00000000ab500000| 92%| E|  |TAMS 0x00000000ab400000, 0x00000000ab400000| Complete 
| 181|0x00000000ab500000, 0x00000000ab600000, 0x00000000ab600000|100%| E|CS|TAMS 0x00000000ab500000, 0x00000000ab500000| Complete 
| 182|0x00000000ab600000, 0x00000000ab700000, 0x00000000ab700000|100%| E|CS|TAMS 0x00000000ab600000, 0x00000000ab600000| Complete 
| 183|0x00000000ab700000, 0x00000000ab800000, 0x00000000ab800000|100%| E|CS|TAMS 0x00000000ab700000, 0x00000000ab700000| Complete 
| 184|0x00000000ab800000, 0x00000000ab900000, 0x00000000ab900000|100%| E|CS|TAMS 0x00000000ab800000, 0x00000000ab800000| Complete 
| 185|0x00000000ab900000, 0x00000000aba00000, 0x00000000aba00000|100%| E|CS|TAMS 0x00000000ab900000, 0x00000000ab900000| Complete 
| 186|0x00000000aba00000, 0x00000000abb00000, 0x00000000abb00000|100%| E|CS|TAMS 0x00000000aba00000, 0x00000000aba00000| Complete 
| 187|0x00000000abb00000, 0x00000000abc00000, 0x00000000abc00000|100%| E|CS|TAMS 0x00000000abb00000, 0x00000000abb00000| Complete 
| 188|0x00000000abc00000, 0x00000000abd00000, 0x00000000abd00000|100%| E|CS|TAMS 0x00000000abc00000, 0x00000000abc00000| Complete 
| 189|0x00000000abd00000, 0x00000000abe00000, 0x00000000abe00000|100%| E|CS|TAMS 0x00000000abd00000, 0x00000000abd00000| Complete 

Card table byte_map: [0x000002b9cd120000,0x000002b9cd420000] _byte_map_base: 0x000002b9ccc20000

Marking Bits (Prev, Next): (CMBitMap*) 0x000002b9ba03a608, (CMBitMap*) 0x000002b9ba03a640
 Prev Bits: [0x000002b9cd720000, 0x000002b9cef20000)
 Next Bits: [0x000002b9cef20000, 0x000002b9d0720000)

Polling page: 0x000002b9b8010000

Metaspace:

Usage:
  Non-class:     84.37 MB capacity,    82.60 MB ( 98%) used,     1.49 MB (  2%) free+waste,   279.00 KB ( <1%) overhead. 
      Class:     13.50 MB capacity,    12.51 MB ( 93%) used,   882.48 KB (  6%) free+waste,   130.19 KB ( <1%) overhead. 
       Both:     97.86 MB capacity,    95.11 MB ( 97%) used,     2.35 MB (  2%) free+waste,   409.19 KB ( <1%) overhead. 

Virtual space:
  Non-class space:       86.00 MB reserved,      84.50 MB ( 98%) committed 
      Class space:        1.00 GB reserved,      13.50 MB (  1%) committed 
             Both:        1.08 GB reserved,      98.00 MB (  9%) committed 

Chunk freelists:
   Non-Class:  9.00 KB
       Class:  4.00 KB
        Both:  13.00 KB

MaxMetaspaceSize: 17179869184.00 GB
CompressedClassSpaceSize: 1.00 GB

CodeHeap 'non-profiled nmethods': size=120000Kb used=7187Kb max_used=7187Kb free=112813Kb
 bounds [0x000002b9c55c0000, 0x000002b9c5cd0000, 0x000002b9ccaf0000]
CodeHeap 'profiled nmethods': size=120000Kb used=23301Kb max_used=23301Kb free=96698Kb
 bounds [0x000002b9be090000, 0x000002b9bf760000, 0x000002b9c55c0000]
CodeHeap 'non-nmethods': size=5760Kb used=2310Kb max_used=2390Kb free=3450Kb
 bounds [0x000002b9bdaf0000, 0x000002b9bdd60000, 0x000002b9be090000]
 total_blobs=11661 nmethods=10738 adapters=831
 compilation: enabled
              stopped_count=0, restarted_count=0
 full_count=0

Compilation events (20 events):
Event: 19.101 Thread 0x000002b9d3199800 nmethod 10736 0x000002b9c5cb6d90 code [0x000002b9c5cb7500, 0x000002b9c5cc00e8]
Event: 20.177 Thread 0x000002b9d319e800 10769       3       javax.management.ObjectName::isPropertyListPattern (16 bytes)
Event: 20.178 Thread 0x000002b9d319e800 nmethod 10769 0x000002b9bf74e010 code [0x000002b9bf74e1c0, 0x000002b9bf74e318]
Event: 22.406 Thread 0x000002b9d3199800 10770       4       org.gradle.internal.logging.text.AbstractLineChoppingStyledTextOutput$1::execute (9 bytes)
Event: 22.407 Thread 0x000002b9d319e800 10771       3       org.gradle.internal.io.LineBufferingOutputStream::write (59 bytes)
Event: 22.408 Thread 0x000002b9d319e800 nmethod 10771 0x000002b9bf74e390 code [0x000002b9bf74e660, 0x000002b9bf74f438]
Event: 22.408 Thread 0x000002b9d319e800 10774       3       org.gradle.internal.io.StreamByteBuffer$StreamByteBufferChunk::write (32 bytes)
Event: 22.408 Thread 0x000002b9d319e800 nmethod 10774 0x000002b9bf74f990 code [0x000002b9bf74fb40, 0x000002b9bf74fcd8]
Event: 22.408 Thread 0x000002b9d319e800 10775       3       org.gradle.internal.io.LineBufferingOutputStream::endsWithLineSeparator (27 bytes)
Event: 22.408 Thread 0x000002b9d319e800 nmethod 10775 0x000002b9bf74fd90 code [0x000002b9bf74ff40, 0x000002b9bf7500d8]
Event: 22.408 Thread 0x000002b9d319e800 10772       3       org.gradle.internal.io.StreamByteBuffer$StreamByteBufferOutputStream::write (22 bytes)
Event: 22.409 Thread 0x000002b9d319e800 nmethod 10772 0x000002b9bf750190 code [0x000002b9bf750360, 0x000002b9bf7505c8]
Event: 22.409 Thread 0x000002b9d319e800 10778       3       org.gradle.internal.logging.text.AbstractStyledTextOutput::style (20 bytes)
Event: 22.409 Thread 0x000002b9d319e800 nmethod 10778 0x000002b9bf750790 code [0x000002b9bf750960, 0x000002b9bf750bc8]
Event: 22.409 Thread 0x000002b9d319e800 10779       3       java.nio.Buffer::flip (20 bytes)
Event: 22.409 Thread 0x000002b9d319e800 nmethod 10779 0x000002b9bf750c90 code [0x000002b9bf750e40, 0x000002b9bf750f58]
Event: 22.409 Thread 0x000002b9d319e800 10780       3       sun.nio.cs.SingleByte::withResult (25 bytes)
Event: 22.409 Thread 0x000002b9d319e800 nmethod 10780 0x000002b9bf751010 code [0x000002b9bf751200, 0x000002b9bf751618]
Event: 22.409 Thread 0x000002b9d319e800 10781       1       org.gradle.launcher.daemon.server.exec.LogToClient::access$100 (5 bytes)
Event: 22.409 Thread 0x000002b9d319e800 nmethod 10781 0x000002b9c5cc4910 code [0x000002b9c5cc4ac0, 0x000002b9c5cc4b58]

GC Heap History (20 events):
Event: 8.618 GC heap before
{Heap before GC invocations=8 (full 0):
 garbage-first heap   total 194560K, used 128085K [0x00000000a0000000, 0x0000000100000000)
  region size 1024K, 109 young (111616K), 12 survivors (12288K)
 Metaspace       used 49171K, capacity 50399K, committed 50560K, reserved 1093632K
  class space    used 6302K, capacity 6781K, committed 6784K, reserved 1048576K
}
Event: 8.629 GC heap after
{Heap after GC invocations=9 (full 0):
 garbage-first heap   total 194560K, used 33262K [0x00000000a0000000, 0x0000000100000000)
  region size 1024K, 11 young (11264K), 11 survivors (11264K)
 Metaspace       used 49171K, capacity 50399K, committed 50560K, reserved 1093632K
  class space    used 6302K, capacity 6781K, committed 6784K, reserved 1048576K
}
Event: 9.940 GC heap before
{Heap before GC invocations=9 (full 0):
 garbage-first heap   total 194560K, used 141806K [0x00000000a0000000, 0x0000000100000000)
  region size 1024K, 110 young (112640K), 11 survivors (11264K)
 Metaspace       used 52888K, capacity 54278K, committed 54528K, reserved 1095680K
  class space    used 6853K, capacity 7370K, committed 7424K, reserved 1048576K
}
Event: 9.953 GC heap after
{Heap after GC invocations=10 (full 0):
 garbage-first heap   total 194560K, used 50878K [0x00000000a0000000, 0x0000000100000000)
  region size 1024K, 14 young (14336K), 14 survivors (14336K)
 Metaspace       used 52888K, capacity 54278K, committed 54528K, reserved 1095680K
  class space    used 6853K, capacity 7370K, committed 7424K, reserved 1048576K
}
Event: 10.710 GC heap before
{Heap before GC invocations=10 (full 0):
 garbage-first heap   total 194560K, used 116414K [0x00000000a0000000, 0x0000000100000000)
  region size 1024K, 79 young (80896K), 14 survivors (14336K)
 Metaspace       used 58598K, capacity 60197K, committed 60288K, reserved 1101824K
  class space    used 7546K, capacity 8145K, committed 8192K, reserved 1048576K
}
Event: 10.725 GC heap after
{Heap after GC invocations=11 (full 0):
 garbage-first heap   total 194560K, used 54537K [0x00000000a0000000, 0x0000000100000000)
  region size 1024K, 4 young (4096K), 4 survivors (4096K)
 Metaspace       used 58598K, capacity 60197K, committed 60288K, reserved 1101824K
  class space    used 7546K, capacity 8145K, committed 8192K, reserved 1048576K
}
Event: 11.769 GC heap before
{Heap before GC invocations=12 (full 0):
 garbage-first heap   total 194560K, used 139529K [0x00000000a0000000, 0x0000000100000000)
  region size 1024K, 88 young (90112K), 4 survivors (4096K)
 Metaspace       used 68905K, capacity 70736K, committed 70912K, reserved 1110016K
  class space    used 8781K, capacity 9453K, committed 9472K, reserved 1048576K
}
Event: 11.778 GC heap after
{Heap after GC invocations=13 (full 0):
 garbage-first heap   total 194560K, used 58315K [0x00000000a0000000, 0x0000000100000000)
  region size 1024K, 8 young (8192K), 8 survivors (8192K)
 Metaspace       used 68905K, capacity 70736K, committed 70912K, reserved 1110016K
  class space    used 8781K, capacity 9453K, committed 9472K, reserved 1048576K
}
Event: 12.940 GC heap before
{Heap before GC invocations=14 (full 0):
 garbage-first heap   total 194560K, used 144331K [0x00000000a0000000, 0x0000000100000000)
  region size 1024K, 92 young (94208K), 8 survivors (8192K)
 Metaspace       used 74547K, capacity 76508K, committed 76800K, reserved 1116160K
  class space    used 9474K, capacity 10163K, committed 10240K, reserved 1048576K
}
Event: 12.950 GC heap after
{Heap after GC invocations=15 (full 0):
 garbage-first heap   total 194560K, used 62515K [0x00000000a0000000, 0x0000000100000000)
  region size 1024K, 9 young (9216K), 9 survivors (9216K)
 Metaspace       used 74547K, capacity 76508K, committed 76800K, reserved 1116160K
  class space    used 9474K, capacity 10163K, committed 10240K, reserved 1048576K
}
Event: 13.751 GC heap before
{Heap before GC invocations=15 (full 0):
 garbage-first heap   total 194560K, used 150579K [0x00000000a0000000, 0x0000000100000000)
  region size 1024K, 93 young (95232K), 9 survivors (9216K)
 Metaspace       used 76306K, capacity 78470K, committed 78720K, reserved 1118208K
  class space    used 9789K, capacity 10560K, committed 10624K, reserved 1048576K
}
Event: 13.767 GC heap after
{Heap after GC invocations=16 (full 0):
 garbage-first heap   total 194560K, used 72488K [0x00000000a0000000, 0x0000000100000000)
  region size 1024K, 12 young (12288K), 12 survivors (12288K)
 Metaspace       used 76306K, capacity 78470K, committed 78720K, reserved 1118208K
  class space    used 9789K, capacity 10560K, committed 10624K, reserved 1048576K
}
Event: 14.602 GC heap before
{Heap before GC invocations=16 (full 0):
 garbage-first heap   total 194560K, used 152360K [0x00000000a0000000, 0x0000000100000000)
  region size 1024K, 90 young (92160K), 12 survivors (12288K)
 Metaspace       used 80357K, capacity 82694K, committed 82944K, reserved 1120256K
  class space    used 10399K, capacity 11240K, committed 11264K, reserved 1048576K
}
Event: 14.614 GC heap after
{Heap after GC invocations=17 (full 0):
 garbage-first heap   total 194560K, used 76794K [0x00000000a0000000, 0x0000000100000000)
  region size 1024K, 6 young (6144K), 6 survivors (6144K)
 Metaspace       used 80357K, capacity 82694K, committed 82944K, reserved 1120256K
  class space    used 10399K, capacity 11240K, committed 11264K, reserved 1048576K
}
Event: 15.473 GC heap before
{Heap before GC invocations=17 (full 0):
 garbage-first heap   total 194560K, used 153594K [0x00000000a0000000, 0x0000000100000000)
  region size 1024K, 81 young (82944K), 6 survivors (6144K)
 Metaspace       used 84679K, capacity 87089K, committed 87296K, reserved 1124352K
  class space    used 11103K, capacity 11945K, committed 12032K, reserved 1048576K
}
Event: 15.483 GC heap after
{Heap after GC invocations=18 (full 0):
 garbage-first heap   total 194560K, used 82561K [0x00000000a0000000, 0x0000000100000000)
  region size 1024K, 11 young (11264K), 11 survivors (11264K)
 Metaspace       used 84679K, capacity 87089K, committed 87296K, reserved 1124352K
  class space    used 11103K, capacity 11945K, committed 12032K, reserved 1048576K
}
Event: 16.822 GC heap before
{Heap before GC invocations=18 (full 0):
 garbage-first heap   total 194560K, used 156289K [0x00000000a0000000, 0x0000000100000000)
  region size 1024K, 83 young (84992K), 11 survivors (11264K)
 Metaspace       used 91760K, capacity 94310K, committed 94592K, reserved 1130496K
  class space    used 12110K, capacity 13064K, committed 13184K, reserved 1048576K
}
Event: 16.836 GC heap after
{Heap after GC invocations=19 (full 0):
 garbage-first heap   total 194560K, used 87562K [0x00000000a0000000, 0x0000000100000000)
  region size 1024K, 6 young (6144K), 6 survivors (6144K)
 Metaspace       used 91760K, capacity 94310K, committed 94592K, reserved 1130496K
  class space    used 12110K, capacity 13064K, committed 13184K, reserved 1048576K
}
Event: 18.406 GC heap before
{Heap before GC invocations=19 (full 0):
 garbage-first heap   total 194560K, used 157194K [0x00000000a0000000, 0x0000000100000000)
  region size 1024K, 75 young (76800K), 6 survivors (6144K)
 Metaspace       used 96771K, capacity 99472K, committed 99712K, reserved 1134592K
  class space    used 12695K, capacity 13655K, committed 13696K, reserved 1048576K
}
Event: 18.417 GC heap after
{Heap after GC invocations=20 (full 0):
 garbage-first heap   total 194560K, used 94832K [0x00000000a0000000, 0x0000000100000000)
  region size 1024K, 10 young (10240K), 10 survivors (10240K)
 Metaspace       used 96771K, capacity 99472K, committed 99712K, reserved 1134592K
  class space    used 12695K, capacity 13655K, committed 13696K, reserved 1048576K
}

Deoptimization events (20 events):
Event: 18.428 Thread 0x000002b9d9be8000 Uncommon trap: trap_request=0xffffffc6 fr.pc=0x000002b9c571f844 relative=0x00000000000002c4
Event: 18.428 Thread 0x000002b9d9be8000 Uncommon trap: reason=bimorphic_or_optimized_type_check action=maybe_recompile pc=0x000002b9c571f844 method=java.util.Spliterators$IteratorSpliterator.tryAdvance(Ljava/util/function/Consumer;)Z @ 50 c2
Event: 18.428 Thread 0x000002b9d9be8000 DEOPT PACKING pc=0x000002b9c571f844 sp=0x000000dfdbdfe090
Event: 18.428 Thread 0x000002b9d9be8000 DEOPT UNPACKING pc=0x000002b9bdb1662f sp=0x000000dfdbdfe030 mode 2
Event: 18.428 Thread 0x000002b9d9be8000 Uncommon trap: trap_request=0xffffffc6 fr.pc=0x000002b9c571f844 relative=0x00000000000002c4
Event: 18.428 Thread 0x000002b9d9be8000 Uncommon trap: reason=bimorphic_or_optimized_type_check action=maybe_recompile pc=0x000002b9c571f844 method=java.util.Spliterators$IteratorSpliterator.tryAdvance(Ljava/util/function/Consumer;)Z @ 50 c2
Event: 18.428 Thread 0x000002b9d9be8000 DEOPT PACKING pc=0x000002b9c571f844 sp=0x000000dfdbdfe090
Event: 18.428 Thread 0x000002b9d9be8000 DEOPT UNPACKING pc=0x000002b9bdb1662f sp=0x000000dfdbdfe030 mode 2
Event: 18.428 Thread 0x000002b9d9be8000 Uncommon trap: trap_request=0xffffffc6 fr.pc=0x000002b9c571f844 relative=0x00000000000002c4
Event: 18.428 Thread 0x000002b9d9be8000 Uncommon trap: reason=bimorphic_or_optimized_type_check action=maybe_recompile pc=0x000002b9c571f844 method=java.util.Spliterators$IteratorSpliterator.tryAdvance(Ljava/util/function/Consumer;)Z @ 50 c2
Event: 18.428 Thread 0x000002b9d9be8000 DEOPT PACKING pc=0x000002b9c571f844 sp=0x000000dfdbdfe090
Event: 18.428 Thread 0x000002b9d9be8000 DEOPT UNPACKING pc=0x000002b9bdb1662f sp=0x000000dfdbdfe030 mode 2
Event: 18.435 Thread 0x000002b9d9be8000 Uncommon trap: trap_request=0xffffffde fr.pc=0x000002b9c57f5908 relative=0x00000000000002c8
Event: 18.435 Thread 0x000002b9d9be8000 Uncommon trap: reason=class_check action=maybe_recompile pc=0x000002b9c57f5908 method=java.util.stream.StreamOpFlag.fromCharacteristics(Ljava/util/Spliterator;)I @ 14 c2
Event: 18.435 Thread 0x000002b9d9be8000 DEOPT PACKING pc=0x000002b9c57f5908 sp=0x000000dfdbdfe420
Event: 18.435 Thread 0x000002b9d9be8000 DEOPT UNPACKING pc=0x000002b9bdb1662f sp=0x000000dfdbdfe308 mode 2
Event: 18.439 Thread 0x000002b9d9be8000 Uncommon trap: trap_request=0xffffff4d fr.pc=0x000002b9c5ab8424 relative=0x00000000000007c4
Event: 18.439 Thread 0x000002b9d9be8000 Uncommon trap: reason=unstable_if action=reinterpret pc=0x000002b9c5ab8424 method=org.gradle.internal.snapshot.VfsRelativePath.lengthOfCommonPrefix(Ljava/lang/String;Lorg/gradle/internal/snapshot/CaseSensitivity;)I @ 117 c2
Event: 18.439 Thread 0x000002b9d9be8000 DEOPT PACKING pc=0x000002b9c5ab8424 sp=0x000000dfdbdfc000
Event: 18.439 Thread 0x000002b9d9be8000 DEOPT UNPACKING pc=0x000002b9bdb1662f sp=0x000000dfdbdfbfa0 mode 2

Classes redefined (0 events):
No events

Internal exceptions (20 events):
Event: 18.495 Thread 0x000002b9d9be8000 Exception <a 'java/lang/ClassNotFoundException'{0x00000000ab8171a0}: org/gradle/process/internal/DefaultExecAction_DecoratedBeanInfo> (0x00000000ab8171a0) thrown at [./src/hotspot/share/classfile/systemDictionary.cpp, line 231]
Event: 18.497 Thread 0x000002b9d9be8000 Exception <a 'java/lang/ClassNotFoundException'{0x00000000ab84a890}: org/gradle/process/internal/DefaultExecActionBeanInfo> (0x00000000ab84a890) thrown at [./src/hotspot/share/classfile/systemDictionary.cpp, line 231]
Event: 18.498 Thread 0x000002b9d9be8000 Exception <a 'java/lang/ClassNotFoundException'{0x00000000ab881888}: org/gradle/process/internal/DefaultExecHandleBuilderBeanInfo> (0x00000000ab881888) thrown at [./src/hotspot/share/classfile/systemDictionary.cpp, line 231]
Event: 18.500 Thread 0x000002b9d9be8000 Exception <a 'java/lang/ClassNotFoundException'{0x00000000ab8b8c60}: org/gradle/process/internal/AbstractExecHandleBuilderBeanInfo> (0x00000000ab8b8c60) thrown at [./src/hotspot/share/classfile/systemDictionary.cpp, line 231]
Event: 18.501 Thread 0x000002b9d9be8000 Exception <a 'java/lang/ClassNotFoundException'{0x00000000ab8f0b48}: org/gradle/process/internal/DefaultProcessForkOptionsBeanInfo> (0x00000000ab8f0b48) thrown at [./src/hotspot/share/classfile/systemDictionary.cpp, line 231]
Event: 18.502 Thread 0x000002b9d9be8000 Exception <a 'java/lang/ClassNotFoundException'{0x00000000ab728f98}: org/gradle/process/internal/DefaultProcessForkOptionsCustomizer> (0x00000000ab728f98) thrown at [./src/hotspot/share/classfile/systemDictionary.cpp, line 231]
Event: 18.505 Thread 0x000002b9d9be8000 Exception <a 'java/lang/ClassNotFoundException'{0x00000000ab76dcf8}: org/gradle/process/internal/AbstractExecHandleBuilderCustomizer> (0x00000000ab76dcf8) thrown at [./src/hotspot/share/classfile/systemDictionary.cpp, line 231]
Event: 18.508 Thread 0x000002b9d9be8000 Exception <a 'java/lang/ClassNotFoundException'{0x00000000ab7b6f28}: org/gradle/process/internal/DefaultExecHandleBuilderCustomizer> (0x00000000ab7b6f28) thrown at [./src/hotspot/share/classfile/systemDictionary.cpp, line 231]
Event: 18.510 Thread 0x000002b9d9be8000 Exception <a 'java/lang/ClassNotFoundException'{0x00000000ab6177b0}: org/gradle/process/internal/DefaultExecActionCustomizer> (0x00000000ab6177b0) thrown at [./src/hotspot/share/classfile/systemDictionary.cpp, line 231]
Event: 18.512 Thread 0x000002b9d9be8000 Exception <a 'java/lang/ClassNotFoundException'{0x00000000ab659278}: org/gradle/process/internal/DefaultExecAction_DecoratedCustomizer> (0x00000000ab659278) thrown at [./src/hotspot/share/classfile/systemDictionary.cpp, line 231]
Event: 18.516 Thread 0x000002b9d9be8000 Exception <a 'java/lang/ClassNotFoundException'{0x00000000ab6b6670}: org/gradle/api/logging/LogLevelBeanInfo> (0x00000000ab6b6670) thrown at [./src/hotspot/share/classfile/systemDictionary.cpp, line 231]
Event: 18.518 Thread 0x000002b9d9be8000 Exception <a 'java/lang/ClassNotFoundException'{0x00000000ab6e4638}: org/gradle/api/logging/LogLevelCustomizer> (0x00000000ab6e4638) thrown at [./src/hotspot/share/classfile/systemDictionary.cpp, line 231]
Event: 18.524 Thread 0x000002b9d9be8000 Exception <a 'java/lang/ClassNotFoundException'{0x00000000ab5595d8}: org/gradle/internal/logging/services/DefaultLoggingManagerBeanInfo> (0x00000000ab5595d8) thrown at [./src/hotspot/share/classfile/systemDictionary.cpp, line 231]
Event: 18.526 Thread 0x000002b9d9be8000 Exception <a 'java/lang/ClassNotFoundException'{0x00000000ab592558}: org/gradle/internal/logging/services/DefaultLoggingManagerCustomizer> (0x00000000ab592558) thrown at [./src/hotspot/share/classfile/systemDictionary.cpp, line 231]
Event: 18.530 Thread 0x000002b9d9be8000 Exception <a 'java/lang/ClassNotFoundException'{0x00000000ab5cfcc0}: java/lang/BooleanBeanInfo> (0x00000000ab5cfcc0) thrown at [./src/hotspot/share/classfile/systemDictionary.cpp, line 231]
Event: 18.530 Thread 0x000002b9d9be8000 Exception <a 'java/lang/ClassNotFoundException'{0x00000000ab5dcba0}: java/lang/BooleanCustomizer> (0x00000000ab5dcba0) thrown at [./src/hotspot/share/classfile/systemDictionary.cpp, line 231]
Event: 18.590 Thread 0x000002b9d9beb800 Exception <a 'java/lang/NoSuchMethodError'{0x00000000ab459de0}: 'void java.lang.invoke.DirectMethodHandle$Holder.invokeStatic(java.lang.Object, long)'> (0x00000000ab459de0) thrown at [./src/hotspot/share/interpreter/linkResolver.cpp, line 773]
Event: 18.591 Thread 0x000002b9d9beb800 Exception <a 'java/lang/NoSuchMethodError'{0x00000000ab45ed50}: 'java.lang.Object java.lang.invoke.DirectMethodHandle$Holder.invokeStatic(java.lang.Object, long)'> (0x00000000ab45ed50) thrown at [./src/hotspot/share/interpreter/linkResolver.cpp, line 773]
Event: 18.591 Thread 0x000002b9d9beb800 Exception <a 'java/lang/NoSuchMethodError'{0x00000000ab462078}: 'java.lang.Object java.lang.invoke.DirectMethodHandle$Holder.invokeSpecial(java.lang.Object, java.lang.Object, long)'> (0x00000000ab462078) thrown at [./src/hotspot/share/interpreter/linkResolver.cpp, line 773]
Event: 18.593 Thread 0x000002b9d9beb800 Exception <a 'java/lang/NoSuchMethodError'{0x00000000ab46ce88}: 'java.lang.Object java.lang.invoke.DirectMethodHandle$Holder.invokeStaticInit(java.lang.Object, java.lang.Object, long, java.lang.Object)'> (0x00000000ab46ce88) thrown at [./src/hotspot/share/interpreter/linkResolver.cpp, line 773]

Events (20 events):
Event: 18.594 loading class java/lang/ProcessImpl$2 done
Event: 18.594 loading class java/lang/Process$PipeInputStream
Event: 18.594 loading class java/lang/Process$PipeInputStream done
Event: 18.594 Executing VM operation: Deoptimize
Event: 18.596 Executing VM operation: Deoptimize done
Event: 18.596 loading class org/gradle/process/internal/streams/ExecOutputHandleRunner
Event: 18.596 loading class org/gradle/process/internal/streams/ExecOutputHandleRunner done
Event: 18.597 Thread 0x000002b9d9bec800 Thread added: 0x000002b9d9bec800
Event: 18.597 Thread 0x000002b9d9be6800 Thread added: 0x000002b9d9be6800
Event: 20.178 Thread 0x000002b9d45e4000 Thread exited: 0x000002b9d45e4000
Event: 22.405 loading class org/gradle/internal/logging/events/StyledTextOutputEvent$Span
Event: 22.405 loading class org/gradle/internal/logging/events/StyledTextOutputEvent$Span done
Event: 22.405 loading class org/gradle/internal/logging/events/operations/StyledTextBuildOperationProgressDetails$Span
Event: 22.405 loading class org/gradle/internal/logging/events/operations/StyledTextBuildOperationProgressDetails$Span done
Event: 22.405 loading class org/gradle/internal/operations/logging/StyledTextBuildOperationProgressDetails$Span
Event: 22.405 loading class org/gradle/internal/operations/logging/StyledTextBuildOperationProgressDetails$Span done
Event: 22.405 Executing VM operation: RevokeBias
Event: 22.406 Executing VM operation: RevokeBias done
Event: 22.406 Executing VM operation: RevokeBias
Event: 22.406 Executing VM operation: RevokeBias done


Dynamic libraries:
0x00007ff7656b0000 - 0x00007ff7656ba000 	C:\Program Files\Android\Android Studio\jre\bin\java.exe
0x00007ffb3b7b0000 - 0x00007ffb3b9c4000 	C:\WINDOWS\SYSTEM32\ntdll.dll
0x00007ffb39f30000 - 0x00007ffb39ff2000 	C:\WINDOWS\System32\KERNEL32.DLL
0x00007ffb38bd0000 - 0x00007ffb38f73000 	C:\WINDOWS\System32\KERNELBASE.dll
0x00007ffb39050000 - 0x00007ffb39161000 	C:\WINDOWS\System32\ucrtbase.dll
0x00007ffaf26b0000 - 0x00007ffaf26c9000 	C:\Program Files\Android\Android Studio\jre\bin\jli.dll
0x00007ffb152e0000 - 0x00007ffb152f7000 	C:\Program Files\Android\Android Studio\jre\bin\VCRUNTIME140.dll
0x00007ffb3b0c0000 - 0x00007ffb3b26b000 	C:\WINDOWS\System32\USER32.dll
0x00007ffb2da00000 - 0x00007ffb2dc8e000 	C:\WINDOWS\WinSxS\amd64_microsoft.windows.common-controls_6595b64144ccf1df_6.0.22621.1635_none_270f70857386168e\COMCTL32.dll
0x00007ffb3a220000 - 0x00007ffb3a2c7000 	C:\WINDOWS\System32\msvcrt.dll
0x00007ffb3b270000 - 0x00007ffb3b299000 	C:\WINDOWS\System32\GDI32.dll
0x00007ffb39020000 - 0x00007ffb39046000 	C:\WINDOWS\System32\win32u.dll
0x00007ffb39490000 - 0x00007ffb395a8000 	C:\WINDOWS\System32\gdi32full.dll
0x00007ffb38f80000 - 0x00007ffb3901a000 	C:\WINDOWS\System32\msvcp_win.dll
0x00007ffb3a000000 - 0x00007ffb3a031000 	C:\WINDOWS\System32\IMM32.DLL
0x00007ffa9eac0000 - 0x00007ffa9eb5d000 	C:\Program Files\Android\Android Studio\jre\bin\msvcp140.dll
0x00007ffa89ed0000 - 0x00007ffa8a9a5000 	C:\Program Files\Android\Android Studio\jre\bin\server\jvm.dll
0x00007ffb3a040000 - 0x00007ffb3a0ee000 	C:\WINDOWS\System32\ADVAPI32.dll
0x00007ffb3b2a0000 - 0x00007ffb3b344000 	C:\WINDOWS\System32\sechost.dll
0x00007ffb3ac30000 - 0x00007ffb3ad47000 	C:\WINDOWS\System32\RPCRT4.dll
0x00007ffb3ab20000 - 0x00007ffb3ab28000 	C:\WINDOWS\System32\PSAPI.DLL
0x00007ffb1ca30000 - 0x00007ffb1ca39000 	C:\WINDOWS\SYSTEM32\WSOCK32.dll
0x00007ffb31d30000 - 0x00007ffb31d64000 	C:\WINDOWS\SYSTEM32\WINMM.dll
0x00007ffb395b0000 - 0x00007ffb39621000 	C:\WINDOWS\System32\WS2_32.dll
0x00007ffb314e0000 - 0x00007ffb314ea000 	C:\WINDOWS\SYSTEM32\VERSION.dll
0x00007ffb37bd0000 - 0x00007ffb37be8000 	C:\WINDOWS\SYSTEM32\kernel.appcore.dll
0x00007ffb328f0000 - 0x00007ffb32901000 	C:\Program Files\Android\Android Studio\jre\bin\verify.dll
0x00007ffb1ecb0000 - 0x00007ffb1eede000 	C:\WINDOWS\SYSTEM32\DBGHELP.DLL
0x00007ffb3b350000 - 0x00007ffb3b6d9000 	C:\WINDOWS\System32\combase.dll
0x00007ffb39870000 - 0x00007ffb39947000 	C:\WINDOWS\System32\OLEAUT32.dll
0x00007ffb1ce10000 - 0x00007ffb1ce42000 	C:\WINDOWS\SYSTEM32\dbgcore.DLL
0x00007ffb39170000 - 0x00007ffb391eb000 	C:\WINDOWS\System32\bcryptPrimitives.dll
0x00007ffb31e50000 - 0x00007ffb31e79000 	C:\Program Files\Android\Android Studio\jre\bin\java.dll
0x00007ffb36070000 - 0x00007ffb3607b000 	C:\Program Files\Android\Android Studio\jre\bin\jimage.dll
0x00007ffb32230000 - 0x00007ffb32248000 	C:\Program Files\Android\Android Studio\jre\bin\zip.dll
0x00007ffb3a320000 - 0x00007ffb3ab1a000 	C:\WINDOWS\System32\SHELL32.dll
0x00007ffb36bd0000 - 0x00007ffb3749e000 	C:\WINDOWS\SYSTEM32\windows.storage.dll
0x00007ffb36a90000 - 0x00007ffb36bce000 	C:\WINDOWS\SYSTEM32\wintypes.dll
0x00007ffb3ab30000 - 0x00007ffb3ac21000 	C:\WINDOWS\System32\SHCORE.dll
0x00007ffb39a50000 - 0x00007ffb39aae000 	C:\WINDOWS\System32\shlwapi.dll
0x00007ffb38b00000 - 0x00007ffb38b21000 	C:\WINDOWS\SYSTEM32\profapi.dll
0x00007ffb31e30000 - 0x00007ffb31e4a000 	C:\Program Files\Android\Android Studio\jre\bin\net.dll
0x00007ffb31b20000 - 0x00007ffb31c57000 	C:\WINDOWS\SYSTEM32\WINHTTP.dll
0x00007ffb38100000 - 0x00007ffb38169000 	C:\WINDOWS\system32\mswsock.dll
0x00007ffb285d0000 - 0x00007ffb285e4000 	C:\Program Files\Android\Android Studio\jre\bin\nio.dll
0x00007ffaf0fe0000 - 0x00007ffaf1007000 	C:\Users\abbas\.gradle\native\e1d6ef7f7dcc3fd88c89a11ec53ec762bb8ba0a96d01ffa2cd45eb1d1d8dd5c5\windows-amd64\native-platform.dll
0x00007ffa89d80000 - 0x00007ffa89ec4000 	C:\Users\abbas\.gradle\native\0d407fdbe67a94daf76414ababcb853783967236a71b16ec16e742cd7a986fd3\windows-amd64\native-platform-file-events.dll
0x00007ffb329d0000 - 0x00007ffb329da000 	C:\Program Files\Android\Android Studio\jre\bin\management.dll
0x00007ffb328d0000 - 0x00007ffb328dd000 	C:\Program Files\Android\Android Studio\jre\bin\management_ext.dll
0x00007ffb383e0000 - 0x00007ffb383fb000 	C:\WINDOWS\SYSTEM32\CRYPTSP.dll
0x00007ffb37b90000 - 0x00007ffb37bc5000 	C:\WINDOWS\system32\rsaenh.dll
0x00007ffb38230000 - 0x00007ffb38258000 	C:\WINDOWS\SYSTEM32\USERENV.dll
0x00007ffb38580000 - 0x00007ffb385a8000 	C:\WINDOWS\SYSTEM32\bcrypt.dll
0x00007ffb38400000 - 0x00007ffb3840c000 	C:\WINDOWS\SYSTEM32\CRYPTBASE.dll
0x00007ffb37700000 - 0x00007ffb3772d000 	C:\WINDOWS\SYSTEM32\IPHLPAPI.DLL
0x00007ffb3a1a0000 - 0x00007ffb3a1a9000 	C:\WINDOWS\System32\NSI.dll
0x00007ffb31970000 - 0x00007ffb31989000 	C:\WINDOWS\SYSTEM32\dhcpcsvc6.DLL
0x00007ffb31950000 - 0x00007ffb3196f000 	C:\WINDOWS\SYSTEM32\dhcpcsvc.DLL
0x00007ffb377c0000 - 0x00007ffb378b3000 	C:\WINDOWS\SYSTEM32\DNSAPI.dll

dbghelp: loaded successfully - version: 4.0.5 - missing functions: none
symbol engine: initialized successfully - sym options: 0x614 - pdb path: .;C:\Program Files\Android\Android Studio\jre\bin;C:\WINDOWS\SYSTEM32;C:\WINDOWS\WinSxS\amd64_microsoft.windows.common-controls_6595b64144ccf1df_6.0.22621.1635_none_270f70857386168e;C:\Program Files\Android\Android Studio\jre\bin\server;C:\Users\abbas\.gradle\native\e1d6ef7f7dcc3fd88c89a11ec53ec762bb8ba0a96d01ffa2cd45eb1d1d8dd5c5\windows-amd64;C:\Users\abbas\.gradle\native\0d407fdbe67a94daf76414ababcb853783967236a71b16ec16e742cd7a986fd3\windows-amd64

VM Arguments:
jvm_args: --add-opens=java.base/java.util=ALL-UNNAMED --add-opens=java.base/java.lang=ALL-UNNAMED --add-opens=java.base/java.lang.invoke=ALL-UNNAMED --add-opens=java.base/java.util=ALL-UNNAMED --add-opens=java.prefs/java.util.prefs=ALL-UNNAMED --add-opens=java.prefs/java.util.prefs=ALL-UNNAMED --add-opens=java.base/java.nio.charset=ALL-UNNAMED --add-opens=java.base/java.net=ALL-UNNAMED --add-opens=java.base/java.util.concurrent.atomic=ALL-UNNAMED -Xmx1536M -Dfile.encoding=windows-1252 -Duser.country=US -Duser.language=en -Duser.variant 
java_command: org.gradle.launcher.daemon.bootstrap.GradleDaemon 7.5
java_class_path (initial): C:\Users\abbas\.gradle\wrapper\dists\gradle-7.5-all\6qsw290k5lz422uaf8jf6m7co\gradle-7.5\lib\gradle-launcher-7.5.jar
Launcher Type: SUN_STANDARD

[Global flags]
     intx CICompilerCount                          = 4                                         {product} {ergonomic}
     uint ConcGCThreads                            = 2                                         {product} {ergonomic}
     uint G1ConcRefinementThreads                  = 8                                         {product} {ergonomic}
   size_t G1HeapRegionSize                         = 1048576                                   {product} {ergonomic}
    uintx GCDrainStackTargetSize                   = 64                                        {product} {ergonomic}
   size_t InitialHeapSize                          = 199229440                                 {product} {ergonomic}
   size_t MarkStackSize                            = 4194304                                   {product} {ergonomic}
   size_t MaxHeapSize                              = 1610612736                                {product} {command line}
   size_t MaxNewSize                               = 965738496                                 {product} {ergonomic}
   size_t MinHeapDeltaBytes                        = 1048576                                   {product} {ergonomic}
    uintx NonNMethodCodeHeapSize                   = 5836300                                {pd product} {ergonomic}
    uintx NonProfiledCodeHeapSize                  = 122910970                              {pd product} {ergonomic}
    uintx ProfiledCodeHeapSize                     = 122910970                              {pd product} {ergonomic}
    uintx ReservedCodeCacheSize                    = 251658240                              {pd product} {ergonomic}
     bool SegmentedCodeCache                       = true                                      {product} {ergonomic}
     bool UseCompressedClassPointers               = true                                 {lp64_product} {ergonomic}
     bool UseCompressedOops                        = true                                 {lp64_product} {ergonomic}
     bool UseG1GC                                  = true                                      {product} {ergonomic}
     bool UseLargePagesIndividualAllocation        = false                                  {pd product} {ergonomic}

Logging:
Log output configuration:
 #0: stdout all=warning uptime,level,tags
 #1: stderr all=off uptime,level,tags

Environment Variables:
JAVA_HOME=C:\Program Files\Android\Android Studio\jre
CLASSPATH=D:\Processs_Scheduling\android\\gradle\wrapper\gradle-wrapper.jar
PATH=C:\Program Files (x86)\Embarcadero\Studio\22.0\bin;C:\Users\Public\Documents\Embarcadero\Studio\22.0\Bpl;C:\Program Files (x86)\Embarcadero\Studio\22.0\bin64;C:\Users\Public\Documents\Embarcadero\Studio\22.0\Bpl\Win64;C:\Program Files\Common Files\Oracle\Java\javapath;C:\Windows\system32;C:\Windows;C:\Windows\System32\Wbem;C:\Windows\System32\WindowsPowerShell\v1.0\;C:\Windows\System32\OpenSSH\;C:\WINDOWS\system32;C:\WINDOWS;C:\WINDOWS\System32\Wbem;C:\WINDOWS\System32\WindowsPowerShell\v1.0\;C:\WINDOWS\System32\OpenSSH\;D:\msys2\mingw64\bin;C:\Program Files\Microsoft SQL Server\Client SDK\ODBC\170\Tools\Binn\;C:\Program Files (x86)\Microsoft SQL Server\150\Tools\Binn\;C:\Program Files\Microsoft SQL Server\150\Tools\Binn\;C:\Program Files\Microsoft SQL Server\150\DTS\Binn\;C:\Program Files\Azure Data Studio\bin;D:\opencv\build\x64\vc14\bin;C:\Program Files\CMake\bin;C:\Program Files\Git\cmd;C:\Program Files\Java\jdk-16.0.2\bin;C:\Program Files\nodejs\;C:\ProgramData\chocolatey\bin;C:\Program Files\dotnet\;C:\Program Files (x86)\Windows Kits\10\Windows Performance Toolkit\;C:\src\flutter 2.10.5\bin;C:\Program Files (x86)\Microsoft SQL Server\160\Tools\Binn\;C:\Program Files\Microsoft SQL Server\160\Tools\Binn\;C:\Program Files\Microsoft SQL Server\160\DTS\Binn\;C:\Program Files\Microsoft SQL Server\130\Tools\Binn\;C:\Program Files (x86)\NoteBook FanControl\;C:\Program Files (x86)\NVIDIA Corporation\PhysX\Common;C:\Users\abbas\AppData\Local\Programs\Python\Python310\Scripts\;C:\Users\abbas\AppData\Local\Programs\Python\Python310\;D:\Microsoft visual studio code\Microsoft VS Code\bin;C:\Users\abbas\.dotnet\tools;C:\Users\abbas\AppData\Local\Microsoft\WindowsApps;C:\Users\abbas\AppData\Local\GitHubDesktop\bin;C:\src\flutter 2.10.5\bin\mingit\cmd
USERNAME=abbas
OS=Windows_NT
PROCESSOR_IDENTIFIER=Intel64 Family 6 Model 158 Stepping 10, GenuineIntel



---------------  S Y S T E M  ---------------

OS: Windows 10 , 64 bit Build 22621 (10.0.22621.1635)
OS uptime: 6 days 0:55 hours

CPU:total 8 (initial active 8) (4 cores per cpu, 2 threads per core) family 6 model 158 stepping 10 microcode 0xde, cmov, cx8, fxsr, mmx, sse, sse2, sse3, ssse3, sse4.1, sse4.2, popcnt, avx, avx2, aes, clmul, erms, 3dnowpref, lzcnt, ht, tsc, tscinvbit, bmi1, bmi2, adx, fma

Memory: 4k page, system-wide physical 12125M (528M free)
TotalPageFile size 22331M (AvailPageFile size 375M)
current process WorkingSet (physical memory assigned to process): 432M, peak: 489M
current process commit charge ("private bytes"): 477M, peak: 528M

vm_info: OpenJDK 64-Bit Server VM (11.0.11+9-b60-7590822) for windows-amd64 JRE (11.0.11+9-b60-7590822), built on Jul 29 2021 21:43:44 by "builder" with MS VC++ 14.0 (VS2015)

END.
